2024-10-09T22:06:05.778-05:00  INFO 26108 --- [main] L.T.P.ProductCatalogServiceApplication   : Starting ProductCatalogServiceApplication using Java 17.0.12 with PID 26108 (C:\Users\USUARIO\source\repos\JohnCubides\linktic\ProductCatalogService\target\classes started by USUARIO in C:\Users\USUARIO\source\repos\JohnCubides\linktic\ProductCatalogService)
2024-10-09T22:06:05.782-05:00  INFO 26108 --- [main] L.T.P.ProductCatalogServiceApplication   : No active profile set, falling back to 1 default profile: "default"
2024-10-09T22:06:06.780-05:00  INFO 26108 --- [main] .s.d.r.c.RepositoryConfigurationDelegate : Bootstrapping Spring Data JPA repositories in DEFAULT mode.
2024-10-09T22:06:06.898-05:00  INFO 26108 --- [main] .s.d.r.c.RepositoryConfigurationDelegate : Finished Spring Data repository scanning in 105 ms. Found 1 JPA repository interface.
2024-10-09T22:06:07.703-05:00  INFO 26108 --- [main] o.s.b.w.embedded.tomcat.TomcatWebServer  : Tomcat initialized with port 8090 (http)
2024-10-09T22:06:07.718-05:00  INFO 26108 --- [main] o.apache.catalina.core.StandardService   : Starting service [Tomcat]
2024-10-09T22:06:07.719-05:00  INFO 26108 --- [main] o.apache.catalina.core.StandardEngine    : Starting Servlet engine: [Apache Tomcat/10.1.30]
2024-10-09T22:06:07.806-05:00  INFO 26108 --- [main] o.a.c.c.C.[Tomcat].[localhost].[/]       : Initializing Spring embedded WebApplicationContext
2024-10-09T22:06:07.807-05:00  INFO 26108 --- [main] w.s.c.ServletWebServerApplicationContext : Root WebApplicationContext: initialization completed in 1943 ms
2024-10-09T22:06:08.077-05:00  INFO 26108 --- [main] o.hibernate.jpa.internal.util.LogHelper  : HHH000204: Processing PersistenceUnitInfo [name: default]
2024-10-09T22:06:08.177-05:00  INFO 26108 --- [main] org.hibernate.Version                    : HHH000412: Hibernate ORM core version 6.5.3.Final
2024-10-09T22:06:08.238-05:00  INFO 26108 --- [main] o.h.c.internal.RegionFactoryInitiator    : HHH000026: Second-level cache disabled
2024-10-09T22:06:08.634-05:00  INFO 26108 --- [main] o.s.o.j.p.SpringPersistenceUnitInfo      : No LoadTimeWeaver setup: ignoring JPA class transformer
2024-10-09T22:06:08.686-05:00  INFO 26108 --- [main] com.zaxxer.hikari.HikariDataSource       : HikariPool-1 - Starting...
2024-10-09T22:06:08.920-05:00  INFO 26108 --- [main] com.zaxxer.hikari.pool.HikariPool        : HikariPool-1 - Added connection org.postgresql.jdbc.PgConnection@7d88fa9c
2024-10-09T22:06:08.922-05:00  INFO 26108 --- [main] com.zaxxer.hikari.HikariDataSource       : HikariPool-1 - Start completed.
2024-10-09T22:06:08.962-05:00  WARN 26108 --- [main] org.hibernate.orm.deprecation            : HHH90000025: PostgreSQLDialect does not need to be specified explicitly using 'hibernate.dialect' (remove the property setting and it will be selected by default)
2024-10-09T22:06:09.963-05:00  INFO 26108 --- [main] o.h.e.t.j.p.i.JtaPlatformInitiator       : HHH000489: No JTA platform available (set 'hibernate.transaction.jta.platform' to enable JTA platform integration)
2024-10-09T22:06:10.037-05:00  INFO 26108 --- [main] j.LocalContainerEntityManagerFactoryBean : Initialized JPA EntityManagerFactory for persistence unit 'default'
2024-10-09T22:06:10.384-05:00  WARN 26108 --- [main] JpaBaseConfiguration$JpaWebConfiguration : spring.jpa.open-in-view is enabled by default. Therefore, database queries may be performed during view rendering. Explicitly configure spring.jpa.open-in-view to disable this warning
2024-10-09T22:06:10.835-05:00  INFO 26108 --- [main] o.s.b.w.embedded.tomcat.TomcatWebServer  : Tomcat started on port 8090 (http) with context path '/'
2024-10-09T22:06:10.848-05:00  INFO 26108 --- [main] L.T.P.ProductCatalogServiceApplication   : Started ProductCatalogServiceApplication in 5.844 seconds (process running for 6.49)
2024-10-09T22:07:35.772-05:00  INFO 26108 --- [http-nio-8090-exec-1] o.a.c.c.C.[Tomcat].[localhost].[/]       : Initializing Spring DispatcherServlet 'dispatcherServlet'
2024-10-09T22:07:35.773-05:00  INFO 26108 --- [http-nio-8090-exec-1] o.s.web.servlet.DispatcherServlet        : Initializing Servlet 'dispatcherServlet'
2024-10-09T22:07:35.774-05:00  INFO 26108 --- [http-nio-8090-exec-1] o.s.web.servlet.DispatcherServlet        : Completed initialization in 1 ms
2024-10-09T22:11:48.764-05:00  INFO 26108 --- [SpringApplicationShutdownHook] j.LocalContainerEntityManagerFactoryBean : Closing JPA EntityManagerFactory for persistence unit 'default'
2024-10-09T22:11:48.767-05:00  INFO 26108 --- [SpringApplicationShutdownHook] com.zaxxer.hikari.HikariDataSource       : HikariPool-1 - Shutdown initiated...
2024-10-09T22:11:48.777-05:00  INFO 26108 --- [SpringApplicationShutdownHook] com.zaxxer.hikari.HikariDataSource       : HikariPool-1 - Shutdown completed.
2024-10-09T22:13:39.645-05:00  INFO 23704 --- [main] .P.ProductCatalogServiceApplicationTests : Starting ProductCatalogServiceApplicationTests using Java 21.0.4 with PID 23704 (started by USUARIO in C:\Users\USUARIO\source\repos\JohnCubides\linktic\ProductCatalogService)
2024-10-09T22:13:39.646-05:00  INFO 23704 --- [main] .P.ProductCatalogServiceApplicationTests : No active profile set, falling back to 1 default profile: "default"
2024-10-09T22:13:40.865-05:00  INFO 23704 --- [main] .s.d.r.c.RepositoryConfigurationDelegate : Bootstrapping Spring Data JPA repositories in DEFAULT mode.
2024-10-09T22:13:40.972-05:00  INFO 23704 --- [main] .s.d.r.c.RepositoryConfigurationDelegate : Finished Spring Data repository scanning in 92 ms. Found 1 JPA repository interface.
2024-10-09T22:13:41.674-05:00  INFO 23704 --- [main] o.hibernate.jpa.internal.util.LogHelper  : HHH000204: Processing PersistenceUnitInfo [name: default]
2024-10-09T22:13:41.801-05:00  INFO 23704 --- [main] org.hibernate.Version                    : HHH000412: Hibernate ORM core version 6.5.3.Final
2024-10-09T22:13:41.861-05:00  INFO 23704 --- [main] o.h.c.internal.RegionFactoryInitiator    : HHH000026: Second-level cache disabled
2024-10-09T22:13:42.413-05:00  INFO 23704 --- [main] o.s.o.j.p.SpringPersistenceUnitInfo      : No LoadTimeWeaver setup: ignoring JPA class transformer
2024-10-09T22:13:42.464-05:00  INFO 23704 --- [main] com.zaxxer.hikari.HikariDataSource       : HikariPool-1 - Starting...
2024-10-09T22:13:42.892-05:00  INFO 23704 --- [main] com.zaxxer.hikari.pool.HikariPool        : HikariPool-1 - Added connection org.postgresql.jdbc.PgConnection@5ab5924c
2024-10-09T22:13:42.895-05:00  INFO 23704 --- [main] com.zaxxer.hikari.HikariDataSource       : HikariPool-1 - Start completed.
2024-10-09T22:13:42.948-05:00  WARN 23704 --- [main] org.hibernate.orm.deprecation            : HHH90000025: PostgreSQLDialect does not need to be specified explicitly using 'hibernate.dialect' (remove the property setting and it will be selected by default)
2024-10-09T22:13:44.385-05:00  INFO 23704 --- [main] o.h.e.t.j.p.i.JtaPlatformInitiator       : HHH000489: No JTA platform available (set 'hibernate.transaction.jta.platform' to enable JTA platform integration)
2024-10-09T22:13:44.459-05:00  INFO 23704 --- [main] j.LocalContainerEntityManagerFactoryBean : Initialized JPA EntityManagerFactory for persistence unit 'default'
2024-10-09T22:13:45.144-05:00  WARN 23704 --- [main] JpaBaseConfiguration$JpaWebConfiguration : spring.jpa.open-in-view is enabled by default. Therefore, database queries may be performed during view rendering. Explicitly configure spring.jpa.open-in-view to disable this warning
2024-10-09T22:13:47.056-05:00  INFO 23704 --- [main] .P.ProductCatalogServiceApplicationTests : Started ProductCatalogServiceApplicationTests in 8.078 seconds (process running for 9.945)
2024-10-09T22:13:47.892-05:00  INFO 23704 --- [SpringApplicationShutdownHook] j.LocalContainerEntityManagerFactoryBean : Closing JPA EntityManagerFactory for persistence unit 'default'
2024-10-09T22:13:47.895-05:00  INFO 23704 --- [SpringApplicationShutdownHook] com.zaxxer.hikari.HikariDataSource       : HikariPool-1 - Shutdown initiated...
2024-10-09T22:13:47.908-05:00  INFO 23704 --- [SpringApplicationShutdownHook] com.zaxxer.hikari.HikariDataSource       : HikariPool-1 - Shutdown completed.
2024-10-09T22:14:05.706-05:00  INFO 19772 --- [main] L.T.P.ProductCatalogServiceApplication   : Starting ProductCatalogServiceApplication using Java 21.0.4 with PID 19772 (C:\Users\USUARIO\source\repos\JohnCubides\linktic\ProductCatalogService\target\classes started by USUARIO in C:\Users\USUARIO\source\repos\JohnCubides\linktic\ProductCatalogService)
2024-10-09T22:14:05.709-05:00  INFO 19772 --- [main] L.T.P.ProductCatalogServiceApplication   : No active profile set, falling back to 1 default profile: "default"
2024-10-09T22:14:06.916-05:00  INFO 19772 --- [main] .s.d.r.c.RepositoryConfigurationDelegate : Bootstrapping Spring Data JPA repositories in DEFAULT mode.
2024-10-09T22:14:06.996-05:00  INFO 19772 --- [main] .s.d.r.c.RepositoryConfigurationDelegate : Finished Spring Data repository scanning in 70 ms. Found 1 JPA repository interface.
2024-10-09T22:14:07.570-05:00  INFO 19772 --- [main] o.s.b.w.embedded.tomcat.TomcatWebServer  : Tomcat initialized with port 8090 (http)
2024-10-09T22:14:07.591-05:00  INFO 19772 --- [main] o.apache.catalina.core.StandardService   : Starting service [Tomcat]
2024-10-09T22:14:07.591-05:00  INFO 19772 --- [main] o.apache.catalina.core.StandardEngine    : Starting Servlet engine: [Apache Tomcat/10.1.30]
2024-10-09T22:14:07.665-05:00  INFO 19772 --- [main] o.a.c.c.C.[Tomcat].[localhost].[/]       : Initializing Spring embedded WebApplicationContext
2024-10-09T22:14:07.666-05:00  INFO 19772 --- [main] w.s.c.ServletWebServerApplicationContext : Root WebApplicationContext: initialization completed in 1869 ms
2024-10-09T22:14:07.833-05:00  INFO 19772 --- [main] o.hibernate.jpa.internal.util.LogHelper  : HHH000204: Processing PersistenceUnitInfo [name: default]
2024-10-09T22:14:07.899-05:00  INFO 19772 --- [main] org.hibernate.Version                    : HHH000412: Hibernate ORM core version 6.5.3.Final
2024-10-09T22:14:07.938-05:00  INFO 19772 --- [main] o.h.c.internal.RegionFactoryInitiator    : HHH000026: Second-level cache disabled
2024-10-09T22:14:08.293-05:00  INFO 19772 --- [main] o.s.o.j.p.SpringPersistenceUnitInfo      : No LoadTimeWeaver setup: ignoring JPA class transformer
2024-10-09T22:14:08.335-05:00  INFO 19772 --- [main] com.zaxxer.hikari.HikariDataSource       : HikariPool-1 - Starting...
2024-10-09T22:14:08.539-05:00  INFO 19772 --- [main] com.zaxxer.hikari.pool.HikariPool        : HikariPool-1 - Added connection org.postgresql.jdbc.PgConnection@4afd65fd
2024-10-09T22:14:08.541-05:00  INFO 19772 --- [main] com.zaxxer.hikari.HikariDataSource       : HikariPool-1 - Start completed.
2024-10-09T22:14:08.583-05:00  WARN 19772 --- [main] org.hibernate.orm.deprecation            : HHH90000025: PostgreSQLDialect does not need to be specified explicitly using 'hibernate.dialect' (remove the property setting and it will be selected by default)
2024-10-09T22:14:09.613-05:00  INFO 19772 --- [main] o.h.e.t.j.p.i.JtaPlatformInitiator       : HHH000489: No JTA platform available (set 'hibernate.transaction.jta.platform' to enable JTA platform integration)
2024-10-09T22:14:09.688-05:00  INFO 19772 --- [main] j.LocalContainerEntityManagerFactoryBean : Initialized JPA EntityManagerFactory for persistence unit 'default'
2024-10-09T22:14:09.986-05:00  WARN 19772 --- [main] JpaBaseConfiguration$JpaWebConfiguration : spring.jpa.open-in-view is enabled by default. Therefore, database queries may be performed during view rendering. Explicitly configure spring.jpa.open-in-view to disable this warning
2024-10-09T22:14:10.729-05:00  INFO 19772 --- [main] o.s.b.w.embedded.tomcat.TomcatWebServer  : Tomcat started on port 8090 (http) with context path '/'
2024-10-09T22:14:10.739-05:00  INFO 19772 --- [main] L.T.P.ProductCatalogServiceApplication   : Started ProductCatalogServiceApplication in 5.68 seconds (process running for 6.348)
2024-10-09T22:14:23.959-05:00  INFO 19772 --- [http-nio-8090-exec-1] o.a.c.c.C.[Tomcat].[localhost].[/]       : Initializing Spring DispatcherServlet 'dispatcherServlet'
2024-10-09T22:14:23.959-05:00  INFO 19772 --- [http-nio-8090-exec-1] o.s.web.servlet.DispatcherServlet        : Initializing Servlet 'dispatcherServlet'
2024-10-09T22:14:23.960-05:00  INFO 19772 --- [http-nio-8090-exec-1] o.s.web.servlet.DispatcherServlet        : Completed initialization in 1 ms
2024-10-09T22:16:10.587-05:00  INFO 19772 --- [SpringApplicationShutdownHook] j.LocalContainerEntityManagerFactoryBean : Closing JPA EntityManagerFactory for persistence unit 'default'
2024-10-09T22:16:10.589-05:00  INFO 19772 --- [SpringApplicationShutdownHook] com.zaxxer.hikari.HikariDataSource       : HikariPool-1 - Shutdown initiated...
2024-10-09T22:16:10.592-05:00  INFO 19772 --- [SpringApplicationShutdownHook] com.zaxxer.hikari.HikariDataSource       : HikariPool-1 - Shutdown completed.
2024-10-09T22:16:34.848-05:00  INFO 26204 --- [main] .P.ProductCatalogServiceApplicationTests : Starting ProductCatalogServiceApplicationTests using Java 21.0.4 with PID 26204 (started by USUARIO in C:\Users\USUARIO\source\repos\JohnCubides\linktic\ProductCatalogService)
2024-10-09T22:16:34.850-05:00  INFO 26204 --- [main] .P.ProductCatalogServiceApplicationTests : No active profile set, falling back to 1 default profile: "default"
2024-10-09T22:16:35.930-05:00  INFO 26204 --- [main] .s.d.r.c.RepositoryConfigurationDelegate : Bootstrapping Spring Data JPA repositories in DEFAULT mode.
2024-10-09T22:16:36.025-05:00  INFO 26204 --- [main] .s.d.r.c.RepositoryConfigurationDelegate : Finished Spring Data repository scanning in 79 ms. Found 1 JPA repository interface.
2024-10-09T22:16:36.723-05:00  INFO 26204 --- [main] o.hibernate.jpa.internal.util.LogHelper  : HHH000204: Processing PersistenceUnitInfo [name: default]
2024-10-09T22:16:37.191-05:00  INFO 26204 --- [main] org.hibernate.Version                    : HHH000412: Hibernate ORM core version 6.5.3.Final
2024-10-09T22:16:37.316-05:00  INFO 26204 --- [main] o.h.c.internal.RegionFactoryInitiator    : HHH000026: Second-level cache disabled
2024-10-09T22:16:38.241-05:00  INFO 26204 --- [main] o.s.o.j.p.SpringPersistenceUnitInfo      : No LoadTimeWeaver setup: ignoring JPA class transformer
2024-10-09T22:16:38.329-05:00  INFO 26204 --- [main] com.zaxxer.hikari.HikariDataSource       : HikariPool-1 - Starting...
2024-10-09T22:16:38.743-05:00  INFO 26204 --- [main] com.zaxxer.hikari.pool.HikariPool        : HikariPool-1 - Added connection org.postgresql.jdbc.PgConnection@7e5e6573
2024-10-09T22:16:38.746-05:00  INFO 26204 --- [main] com.zaxxer.hikari.HikariDataSource       : HikariPool-1 - Start completed.
2024-10-09T22:16:38.821-05:00  WARN 26204 --- [main] org.hibernate.orm.deprecation            : HHH90000025: PostgreSQLDialect does not need to be specified explicitly using 'hibernate.dialect' (remove the property setting and it will be selected by default)
2024-10-09T22:16:40.271-05:00  INFO 26204 --- [main] o.h.e.t.j.p.i.JtaPlatformInitiator       : HHH000489: No JTA platform available (set 'hibernate.transaction.jta.platform' to enable JTA platform integration)
2024-10-09T22:16:40.347-05:00  INFO 26204 --- [main] j.LocalContainerEntityManagerFactoryBean : Initialized JPA EntityManagerFactory for persistence unit 'default'
2024-10-09T22:16:41.009-05:00  WARN 26204 --- [main] JpaBaseConfiguration$JpaWebConfiguration : spring.jpa.open-in-view is enabled by default. Therefore, database queries may be performed during view rendering. Explicitly configure spring.jpa.open-in-view to disable this warning
2024-10-09T22:16:42.559-05:00  INFO 26204 --- [main] .P.ProductCatalogServiceApplicationTests : Started ProductCatalogServiceApplicationTests in 8.198 seconds (process running for 9.603)
2024-10-09T22:16:43.551-05:00  INFO 26204 --- [SpringApplicationShutdownHook] j.LocalContainerEntityManagerFactoryBean : Closing JPA EntityManagerFactory for persistence unit 'default'
2024-10-09T22:16:43.555-05:00  INFO 26204 --- [SpringApplicationShutdownHook] com.zaxxer.hikari.HikariDataSource       : HikariPool-1 - Shutdown initiated...
2024-10-09T22:16:43.568-05:00  INFO 26204 --- [SpringApplicationShutdownHook] com.zaxxer.hikari.HikariDataSource       : HikariPool-1 - Shutdown completed.
2024-10-09T22:17:06.222-05:00  INFO 21344 --- [main] L.T.P.ProductCatalogServiceApplication   : Starting ProductCatalogServiceApplication using Java 21.0.4 with PID 21344 (C:\Users\USUARIO\source\repos\JohnCubides\linktic\ProductCatalogService\target\classes started by USUARIO in C:\Users\USUARIO\source\repos\JohnCubides\linktic\ProductCatalogService)
2024-10-09T22:17:06.225-05:00  INFO 21344 --- [main] L.T.P.ProductCatalogServiceApplication   : No active profile set, falling back to 1 default profile: "default"
2024-10-09T22:17:06.877-05:00  INFO 21344 --- [main] .s.d.r.c.RepositoryConfigurationDelegate : Bootstrapping Spring Data JPA repositories in DEFAULT mode.
2024-10-09T22:17:06.939-05:00  INFO 21344 --- [main] .s.d.r.c.RepositoryConfigurationDelegate : Finished Spring Data repository scanning in 56 ms. Found 1 JPA repository interface.
2024-10-09T22:17:07.480-05:00  INFO 21344 --- [main] o.s.b.w.embedded.tomcat.TomcatWebServer  : Tomcat initialized with port 8090 (http)
2024-10-09T22:17:07.496-05:00  INFO 21344 --- [main] o.apache.catalina.core.StandardService   : Starting service [Tomcat]
2024-10-09T22:17:07.498-05:00  INFO 21344 --- [main] o.apache.catalina.core.StandardEngine    : Starting Servlet engine: [Apache Tomcat/10.1.30]
2024-10-09T22:17:07.567-05:00  INFO 21344 --- [main] o.a.c.c.C.[Tomcat].[localhost].[/]       : Initializing Spring embedded WebApplicationContext
2024-10-09T22:17:07.568-05:00  INFO 21344 --- [main] w.s.c.ServletWebServerApplicationContext : Root WebApplicationContext: initialization completed in 1281 ms
2024-10-09T22:17:07.727-05:00  INFO 21344 --- [main] o.hibernate.jpa.internal.util.LogHelper  : HHH000204: Processing PersistenceUnitInfo [name: default]
2024-10-09T22:17:07.784-05:00  INFO 21344 --- [main] org.hibernate.Version                    : HHH000412: Hibernate ORM core version 6.5.3.Final
2024-10-09T22:17:07.819-05:00  INFO 21344 --- [main] o.h.c.internal.RegionFactoryInitiator    : HHH000026: Second-level cache disabled
2024-10-09T22:17:08.133-05:00  INFO 21344 --- [main] o.s.o.j.p.SpringPersistenceUnitInfo      : No LoadTimeWeaver setup: ignoring JPA class transformer
2024-10-09T22:17:08.167-05:00  INFO 21344 --- [main] com.zaxxer.hikari.HikariDataSource       : HikariPool-1 - Starting...
2024-10-09T22:17:08.461-05:00  INFO 21344 --- [main] com.zaxxer.hikari.pool.HikariPool        : HikariPool-1 - Added connection org.postgresql.jdbc.PgConnection@51f01535
2024-10-09T22:17:08.462-05:00  INFO 21344 --- [main] com.zaxxer.hikari.HikariDataSource       : HikariPool-1 - Start completed.
2024-10-09T22:17:08.502-05:00  WARN 21344 --- [main] org.hibernate.orm.deprecation            : HHH90000025: PostgreSQLDialect does not need to be specified explicitly using 'hibernate.dialect' (remove the property setting and it will be selected by default)
2024-10-09T22:17:09.430-05:00  INFO 21344 --- [main] o.h.e.t.j.p.i.JtaPlatformInitiator       : HHH000489: No JTA platform available (set 'hibernate.transaction.jta.platform' to enable JTA platform integration)
2024-10-09T22:17:09.499-05:00  INFO 21344 --- [main] j.LocalContainerEntityManagerFactoryBean : Initialized JPA EntityManagerFactory for persistence unit 'default'
2024-10-09T22:17:09.761-05:00  WARN 21344 --- [main] JpaBaseConfiguration$JpaWebConfiguration : spring.jpa.open-in-view is enabled by default. Therefore, database queries may be performed during view rendering. Explicitly configure spring.jpa.open-in-view to disable this warning
2024-10-09T22:17:10.412-05:00  INFO 21344 --- [main] o.s.b.w.embedded.tomcat.TomcatWebServer  : Tomcat started on port 8090 (http) with context path '/'
2024-10-09T22:17:10.420-05:00  INFO 21344 --- [main] L.T.P.ProductCatalogServiceApplication   : Started ProductCatalogServiceApplication in 4.775 seconds (process running for 5.153)
2024-10-09T22:17:31.013-05:00  INFO 21344 --- [http-nio-8090-exec-1] o.a.c.c.C.[Tomcat].[localhost].[/]       : Initializing Spring DispatcherServlet 'dispatcherServlet'
2024-10-09T22:17:31.015-05:00  INFO 21344 --- [http-nio-8090-exec-1] o.s.web.servlet.DispatcherServlet        : Initializing Servlet 'dispatcherServlet'
2024-10-09T22:17:31.016-05:00  INFO 21344 --- [http-nio-8090-exec-1] o.s.web.servlet.DispatcherServlet        : Completed initialization in 1 ms
2024-10-09T22:20:33.779-05:00  INFO 21344 --- [SpringApplicationShutdownHook] j.LocalContainerEntityManagerFactoryBean : Closing JPA EntityManagerFactory for persistence unit 'default'
2024-10-09T22:20:33.783-05:00  INFO 21344 --- [SpringApplicationShutdownHook] com.zaxxer.hikari.HikariDataSource       : HikariPool-1 - Shutdown initiated...
2024-10-09T22:20:33.786-05:00  INFO 21344 --- [SpringApplicationShutdownHook] com.zaxxer.hikari.HikariDataSource       : HikariPool-1 - Shutdown completed.
2024-10-09T22:22:11.809-05:00  INFO 21916 --- [main] .P.ProductCatalogServiceApplicationTests : Starting ProductCatalogServiceApplicationTests using Java 21.0.4 with PID 21916 (started by USUARIO in C:\Users\USUARIO\source\repos\JohnCubides\linktic\ProductCatalogService)
2024-10-09T22:22:11.811-05:00  INFO 21916 --- [main] .P.ProductCatalogServiceApplicationTests : No active profile set, falling back to 1 default profile: "default"
2024-10-09T22:22:13.312-05:00  INFO 21916 --- [main] .s.d.r.c.RepositoryConfigurationDelegate : Bootstrapping Spring Data JPA repositories in DEFAULT mode.
2024-10-09T22:22:13.401-05:00  INFO 21916 --- [main] .s.d.r.c.RepositoryConfigurationDelegate : Finished Spring Data repository scanning in 78 ms. Found 1 JPA repository interface.
2024-10-09T22:22:14.976-05:00  INFO 21916 --- [main] o.hibernate.jpa.internal.util.LogHelper  : HHH000204: Processing PersistenceUnitInfo [name: default]
2024-10-09T22:22:15.187-05:00  INFO 21916 --- [main] org.hibernate.Version                    : HHH000412: Hibernate ORM core version 6.5.3.Final
2024-10-09T22:22:15.269-05:00  INFO 21916 --- [main] o.h.c.internal.RegionFactoryInitiator    : HHH000026: Second-level cache disabled
2024-10-09T22:22:15.823-05:00  INFO 21916 --- [main] o.s.o.j.p.SpringPersistenceUnitInfo      : No LoadTimeWeaver setup: ignoring JPA class transformer
2024-10-09T22:22:15.873-05:00  INFO 21916 --- [main] com.zaxxer.hikari.HikariDataSource       : HikariPool-1 - Starting...
2024-10-09T22:22:16.266-05:00  INFO 21916 --- [main] com.zaxxer.hikari.pool.HikariPool        : HikariPool-1 - Added connection org.postgresql.jdbc.PgConnection@1cc9bd9b
2024-10-09T22:22:16.270-05:00  INFO 21916 --- [main] com.zaxxer.hikari.HikariDataSource       : HikariPool-1 - Start completed.
2024-10-09T22:22:16.324-05:00  WARN 21916 --- [main] org.hibernate.orm.deprecation            : HHH90000025: PostgreSQLDialect does not need to be specified explicitly using 'hibernate.dialect' (remove the property setting and it will be selected by default)
2024-10-09T22:22:17.692-05:00  INFO 21916 --- [main] o.h.e.t.j.p.i.JtaPlatformInitiator       : HHH000489: No JTA platform available (set 'hibernate.transaction.jta.platform' to enable JTA platform integration)
2024-10-09T22:22:17.776-05:00  INFO 21916 --- [main] j.LocalContainerEntityManagerFactoryBean : Initialized JPA EntityManagerFactory for persistence unit 'default'
2024-10-09T22:22:18.506-05:00  WARN 21916 --- [main] JpaBaseConfiguration$JpaWebConfiguration : spring.jpa.open-in-view is enabled by default. Therefore, database queries may be performed during view rendering. Explicitly configure spring.jpa.open-in-view to disable this warning
2024-10-09T22:22:19.321-05:00  INFO 21916 --- [main] .P.ProductCatalogServiceApplicationTests : Started ProductCatalogServiceApplicationTests in 8.076 seconds (process running for 9.812)
2024-10-09T22:22:20.304-05:00  INFO 21916 --- [SpringApplicationShutdownHook] j.LocalContainerEntityManagerFactoryBean : Closing JPA EntityManagerFactory for persistence unit 'default'
2024-10-09T22:22:20.307-05:00  INFO 21916 --- [SpringApplicationShutdownHook] com.zaxxer.hikari.HikariDataSource       : HikariPool-1 - Shutdown initiated...
2024-10-09T22:22:20.322-05:00  INFO 21916 --- [SpringApplicationShutdownHook] com.zaxxer.hikari.HikariDataSource       : HikariPool-1 - Shutdown completed.
2024-10-09T22:22:38.888-05:00  INFO 22736 --- [main] .P.ProductCatalogServiceApplicationTests : Starting ProductCatalogServiceApplicationTests using Java 21.0.4 with PID 22736 (started by USUARIO in C:\Users\USUARIO\source\repos\JohnCubides\linktic\ProductCatalogService)
2024-10-09T22:22:38.890-05:00  INFO 22736 --- [main] .P.ProductCatalogServiceApplicationTests : No active profile set, falling back to 1 default profile: "default"
2024-10-09T22:22:40.618-05:00  INFO 22736 --- [main] .s.d.r.c.RepositoryConfigurationDelegate : Bootstrapping Spring Data JPA repositories in DEFAULT mode.
2024-10-09T22:22:40.712-05:00  INFO 22736 --- [main] .s.d.r.c.RepositoryConfigurationDelegate : Finished Spring Data repository scanning in 81 ms. Found 1 JPA repository interface.
2024-10-09T22:22:41.403-05:00  INFO 22736 --- [main] o.hibernate.jpa.internal.util.LogHelper  : HHH000204: Processing PersistenceUnitInfo [name: default]
2024-10-09T22:22:41.526-05:00  INFO 22736 --- [main] org.hibernate.Version                    : HHH000412: Hibernate ORM core version 6.5.3.Final
2024-10-09T22:22:41.602-05:00  INFO 22736 --- [main] o.h.c.internal.RegionFactoryInitiator    : HHH000026: Second-level cache disabled
2024-10-09T22:22:42.155-05:00  INFO 22736 --- [main] o.s.o.j.p.SpringPersistenceUnitInfo      : No LoadTimeWeaver setup: ignoring JPA class transformer
2024-10-09T22:22:42.207-05:00  INFO 22736 --- [main] com.zaxxer.hikari.HikariDataSource       : HikariPool-1 - Starting...
2024-10-09T22:22:42.610-05:00  INFO 22736 --- [main] com.zaxxer.hikari.pool.HikariPool        : HikariPool-1 - Added connection org.postgresql.jdbc.PgConnection@55071497
2024-10-09T22:22:42.612-05:00  INFO 22736 --- [main] com.zaxxer.hikari.HikariDataSource       : HikariPool-1 - Start completed.
2024-10-09T22:22:42.658-05:00  WARN 22736 --- [main] org.hibernate.orm.deprecation            : HHH90000025: PostgreSQLDialect does not need to be specified explicitly using 'hibernate.dialect' (remove the property setting and it will be selected by default)
2024-10-09T22:22:43.825-05:00  INFO 22736 --- [main] o.h.e.t.j.p.i.JtaPlatformInitiator       : HHH000489: No JTA platform available (set 'hibernate.transaction.jta.platform' to enable JTA platform integration)
2024-10-09T22:22:43.889-05:00  INFO 22736 --- [main] j.LocalContainerEntityManagerFactoryBean : Initialized JPA EntityManagerFactory for persistence unit 'default'
2024-10-09T22:22:44.907-05:00  WARN 22736 --- [main] JpaBaseConfiguration$JpaWebConfiguration : spring.jpa.open-in-view is enabled by default. Therefore, database queries may be performed during view rendering. Explicitly configure spring.jpa.open-in-view to disable this warning
2024-10-09T22:22:45.971-05:00  INFO 22736 --- [main] .P.ProductCatalogServiceApplicationTests : Started ProductCatalogServiceApplicationTests in 7.628 seconds (process running for 9.527)
2024-10-09T22:22:46.773-05:00  INFO 22736 --- [SpringApplicationShutdownHook] j.LocalContainerEntityManagerFactoryBean : Closing JPA EntityManagerFactory for persistence unit 'default'
2024-10-09T22:22:46.778-05:00  INFO 22736 --- [SpringApplicationShutdownHook] com.zaxxer.hikari.HikariDataSource       : HikariPool-1 - Shutdown initiated...
2024-10-09T22:22:46.788-05:00  INFO 22736 --- [SpringApplicationShutdownHook] com.zaxxer.hikari.HikariDataSource       : HikariPool-1 - Shutdown completed.
2024-10-09T22:23:06.189-05:00  INFO 6308 --- [main] L.T.P.ProductCatalogServiceApplication   : Starting ProductCatalogServiceApplication using Java 21.0.4 with PID 6308 (C:\Users\USUARIO\source\repos\JohnCubides\linktic\ProductCatalogService\target\classes started by USUARIO in C:\Users\USUARIO\source\repos\JohnCubides\linktic\ProductCatalogService)
2024-10-09T22:23:06.191-05:00  INFO 6308 --- [main] L.T.P.ProductCatalogServiceApplication   : No active profile set, falling back to 1 default profile: "default"
2024-10-09T22:23:06.934-05:00  INFO 6308 --- [main] .s.d.r.c.RepositoryConfigurationDelegate : Bootstrapping Spring Data JPA repositories in DEFAULT mode.
2024-10-09T22:23:06.995-05:00  INFO 6308 --- [main] .s.d.r.c.RepositoryConfigurationDelegate : Finished Spring Data repository scanning in 53 ms. Found 1 JPA repository interface.
2024-10-09T22:23:07.525-05:00  INFO 6308 --- [main] o.s.b.w.embedded.tomcat.TomcatWebServer  : Tomcat initialized with port 8090 (http)
2024-10-09T22:23:07.550-05:00  INFO 6308 --- [main] o.apache.catalina.core.StandardService   : Starting service [Tomcat]
2024-10-09T22:23:07.550-05:00  INFO 6308 --- [main] o.apache.catalina.core.StandardEngine    : Starting Servlet engine: [Apache Tomcat/10.1.30]
2024-10-09T22:23:07.619-05:00  INFO 6308 --- [main] o.a.c.c.C.[Tomcat].[localhost].[/]       : Initializing Spring embedded WebApplicationContext
2024-10-09T22:23:07.621-05:00  INFO 6308 --- [main] w.s.c.ServletWebServerApplicationContext : Root WebApplicationContext: initialization completed in 1365 ms
2024-10-09T22:23:07.798-05:00  INFO 6308 --- [main] o.hibernate.jpa.internal.util.LogHelper  : HHH000204: Processing PersistenceUnitInfo [name: default]
2024-10-09T22:23:07.859-05:00  INFO 6308 --- [main] org.hibernate.Version                    : HHH000412: Hibernate ORM core version 6.5.3.Final
2024-10-09T22:23:07.895-05:00  INFO 6308 --- [main] o.h.c.internal.RegionFactoryInitiator    : HHH000026: Second-level cache disabled
2024-10-09T22:23:08.237-05:00  INFO 6308 --- [main] o.s.o.j.p.SpringPersistenceUnitInfo      : No LoadTimeWeaver setup: ignoring JPA class transformer
2024-10-09T22:23:08.270-05:00  INFO 6308 --- [main] com.zaxxer.hikari.HikariDataSource       : HikariPool-1 - Starting...
2024-10-09T22:23:08.551-05:00  INFO 6308 --- [main] com.zaxxer.hikari.pool.HikariPool        : HikariPool-1 - Added connection org.postgresql.jdbc.PgConnection@60816371
2024-10-09T22:23:08.552-05:00  INFO 6308 --- [main] com.zaxxer.hikari.HikariDataSource       : HikariPool-1 - Start completed.
2024-10-09T22:23:08.590-05:00  WARN 6308 --- [main] org.hibernate.orm.deprecation            : HHH90000025: PostgreSQLDialect does not need to be specified explicitly using 'hibernate.dialect' (remove the property setting and it will be selected by default)
2024-10-09T22:23:09.483-05:00  INFO 6308 --- [main] o.h.e.t.j.p.i.JtaPlatformInitiator       : HHH000489: No JTA platform available (set 'hibernate.transaction.jta.platform' to enable JTA platform integration)
2024-10-09T22:23:09.559-05:00  INFO 6308 --- [main] j.LocalContainerEntityManagerFactoryBean : Initialized JPA EntityManagerFactory for persistence unit 'default'
2024-10-09T22:23:09.997-05:00  WARN 6308 --- [main] JpaBaseConfiguration$JpaWebConfiguration : spring.jpa.open-in-view is enabled by default. Therefore, database queries may be performed during view rendering. Explicitly configure spring.jpa.open-in-view to disable this warning
2024-10-09T22:23:10.452-05:00  INFO 6308 --- [main] o.s.b.w.embedded.tomcat.TomcatWebServer  : Tomcat started on port 8090 (http) with context path '/'
2024-10-09T22:23:10.461-05:00  INFO 6308 --- [main] L.T.P.ProductCatalogServiceApplication   : Started ProductCatalogServiceApplication in 4.835 seconds (process running for 5.212)
2024-10-09T22:23:14.175-05:00  INFO 6308 --- [http-nio-8090-exec-1] o.a.c.c.C.[Tomcat].[localhost].[/]       : Initializing Spring DispatcherServlet 'dispatcherServlet'
2024-10-09T22:23:14.175-05:00  INFO 6308 --- [http-nio-8090-exec-1] o.s.web.servlet.DispatcherServlet        : Initializing Servlet 'dispatcherServlet'
2024-10-09T22:23:14.176-05:00  INFO 6308 --- [http-nio-8090-exec-1] o.s.web.servlet.DispatcherServlet        : Completed initialization in 0 ms
2024-10-09T22:23:14.453-05:00  INFO 6308 --- [http-nio-8090-exec-1] o.springdoc.api.AbstractOpenApiResource  : Init duration for springdoc-openapi is: 228 ms
2024-10-09T22:26:00.953-05:00  INFO 6308 --- [SpringApplicationShutdownHook] j.LocalContainerEntityManagerFactoryBean : Closing JPA EntityManagerFactory for persistence unit 'default'
2024-10-09T22:26:00.956-05:00  INFO 6308 --- [SpringApplicationShutdownHook] com.zaxxer.hikari.HikariDataSource       : HikariPool-1 - Shutdown initiated...
2024-10-09T22:26:00.961-05:00  INFO 6308 --- [SpringApplicationShutdownHook] com.zaxxer.hikari.HikariDataSource       : HikariPool-1 - Shutdown completed.
2024-10-09T22:26:37.374-05:00  INFO 23152 --- [main] L.T.P.ProductCatalogServiceApplication   : Starting ProductCatalogServiceApplication using Java 17.0.12 with PID 23152 (C:\Users\USUARIO\source\repos\JohnCubides\linktic\ProductCatalogService\target\classes started by USUARIO in C:\Users\USUARIO\source\repos\JohnCubides\linktic\ProductCatalogService)
2024-10-09T22:26:37.378-05:00  INFO 23152 --- [main] L.T.P.ProductCatalogServiceApplication   : No active profile set, falling back to 1 default profile: "default"
2024-10-09T22:26:38.365-05:00  INFO 23152 --- [main] .s.d.r.c.RepositoryConfigurationDelegate : Bootstrapping Spring Data JPA repositories in DEFAULT mode.
2024-10-09T22:26:38.465-05:00  INFO 23152 --- [main] .s.d.r.c.RepositoryConfigurationDelegate : Finished Spring Data repository scanning in 81 ms. Found 1 JPA repository interface.
2024-10-09T22:26:39.312-05:00  INFO 23152 --- [main] o.s.b.w.embedded.tomcat.TomcatWebServer  : Tomcat initialized with port 8090 (http)
2024-10-09T22:26:39.329-05:00  INFO 23152 --- [main] o.apache.catalina.core.StandardService   : Starting service [Tomcat]
2024-10-09T22:26:39.330-05:00  INFO 23152 --- [main] o.apache.catalina.core.StandardEngine    : Starting Servlet engine: [Apache Tomcat/10.1.30]
2024-10-09T22:26:39.424-05:00  INFO 23152 --- [main] o.a.c.c.C.[Tomcat].[localhost].[/]       : Initializing Spring embedded WebApplicationContext
2024-10-09T22:26:39.425-05:00  INFO 23152 --- [main] w.s.c.ServletWebServerApplicationContext : Root WebApplicationContext: initialization completed in 1966 ms
2024-10-09T22:26:39.645-05:00  INFO 23152 --- [main] o.hibernate.jpa.internal.util.LogHelper  : HHH000204: Processing PersistenceUnitInfo [name: default]
2024-10-09T22:26:39.729-05:00  INFO 23152 --- [main] org.hibernate.Version                    : HHH000412: Hibernate ORM core version 6.5.3.Final
2024-10-09T22:26:39.773-05:00  INFO 23152 --- [main] o.h.c.internal.RegionFactoryInitiator    : HHH000026: Second-level cache disabled
2024-10-09T22:26:40.195-05:00  INFO 23152 --- [main] o.s.o.j.p.SpringPersistenceUnitInfo      : No LoadTimeWeaver setup: ignoring JPA class transformer
2024-10-09T22:26:40.272-05:00  INFO 23152 --- [main] com.zaxxer.hikari.HikariDataSource       : HikariPool-1 - Starting...
2024-10-09T22:26:40.512-05:00  INFO 23152 --- [main] com.zaxxer.hikari.pool.HikariPool        : HikariPool-1 - Added connection org.postgresql.jdbc.PgConnection@3ba3f40d
2024-10-09T22:26:40.514-05:00  INFO 23152 --- [main] com.zaxxer.hikari.HikariDataSource       : HikariPool-1 - Start completed.
2024-10-09T22:26:40.555-05:00  WARN 23152 --- [main] org.hibernate.orm.deprecation            : HHH90000025: PostgreSQLDialect does not need to be specified explicitly using 'hibernate.dialect' (remove the property setting and it will be selected by default)
2024-10-09T22:26:41.652-05:00  INFO 23152 --- [main] o.h.e.t.j.p.i.JtaPlatformInitiator       : HHH000489: No JTA platform available (set 'hibernate.transaction.jta.platform' to enable JTA platform integration)
2024-10-09T22:26:41.726-05:00  INFO 23152 --- [main] j.LocalContainerEntityManagerFactoryBean : Initialized JPA EntityManagerFactory for persistence unit 'default'
2024-10-09T22:26:42.074-05:00  WARN 23152 --- [main] JpaBaseConfiguration$JpaWebConfiguration : spring.jpa.open-in-view is enabled by default. Therefore, database queries may be performed during view rendering. Explicitly configure spring.jpa.open-in-view to disable this warning
2024-10-09T22:26:42.549-05:00  INFO 23152 --- [main] o.s.b.w.embedded.tomcat.TomcatWebServer  : Tomcat started on port 8090 (http) with context path '/'
2024-10-09T22:26:42.563-05:00  INFO 23152 --- [main] L.T.P.ProductCatalogServiceApplication   : Started ProductCatalogServiceApplication in 6.019 seconds (process running for 6.677)
2024-10-09T22:27:03.492-05:00  INFO 23152 --- [http-nio-8090-exec-1] o.a.c.c.C.[Tomcat].[localhost].[/]       : Initializing Spring DispatcherServlet 'dispatcherServlet'
2024-10-09T22:27:03.493-05:00  INFO 23152 --- [http-nio-8090-exec-1] o.s.web.servlet.DispatcherServlet        : Initializing Servlet 'dispatcherServlet'
2024-10-09T22:27:03.494-05:00  INFO 23152 --- [http-nio-8090-exec-1] o.s.web.servlet.DispatcherServlet        : Completed initialization in 1 ms
2024-10-09T22:27:50.853-05:00  INFO 23152 --- [SpringApplicationShutdownHook] j.LocalContainerEntityManagerFactoryBean : Closing JPA EntityManagerFactory for persistence unit 'default'
2024-10-09T22:27:50.855-05:00  INFO 23152 --- [SpringApplicationShutdownHook] com.zaxxer.hikari.HikariDataSource       : HikariPool-1 - Shutdown initiated...
2024-10-09T22:27:50.861-05:00  INFO 23152 --- [SpringApplicationShutdownHook] com.zaxxer.hikari.HikariDataSource       : HikariPool-1 - Shutdown completed.
2024-10-09T22:28:29.355-05:00  INFO 24524 --- [main] L.T.P.ProductCatalogServiceApplication   : Starting ProductCatalogServiceApplication using Java 17.0.12 with PID 24524 (C:\Users\USUARIO\source\repos\JohnCubides\linktic\ProductCatalogService\target\classes started by USUARIO in C:\Users\USUARIO\source\repos\JohnCubides\linktic\ProductCatalogService)
2024-10-09T22:28:29.362-05:00  INFO 24524 --- [main] L.T.P.ProductCatalogServiceApplication   : No active profile set, falling back to 1 default profile: "default"
2024-10-09T22:28:30.569-05:00  INFO 24524 --- [main] .s.d.r.c.RepositoryConfigurationDelegate : Bootstrapping Spring Data JPA repositories in DEFAULT mode.
2024-10-09T22:28:30.676-05:00  INFO 24524 --- [main] .s.d.r.c.RepositoryConfigurationDelegate : Finished Spring Data repository scanning in 85 ms. Found 1 JPA repository interface.
2024-10-09T22:28:31.900-05:00  INFO 24524 --- [main] o.s.b.w.embedded.tomcat.TomcatWebServer  : Tomcat initialized with port 8090 (http)
2024-10-09T22:28:31.917-05:00  INFO 24524 --- [main] o.apache.catalina.core.StandardService   : Starting service [Tomcat]
2024-10-09T22:28:31.918-05:00  INFO 24524 --- [main] o.apache.catalina.core.StandardEngine    : Starting Servlet engine: [Apache Tomcat/10.1.30]
2024-10-09T22:28:32.018-05:00  INFO 24524 --- [main] o.a.c.c.C.[Tomcat].[localhost].[/]       : Initializing Spring embedded WebApplicationContext
2024-10-09T22:28:32.018-05:00  INFO 24524 --- [main] w.s.c.ServletWebServerApplicationContext : Root WebApplicationContext: initialization completed in 2558 ms
2024-10-09T22:28:32.251-05:00  INFO 24524 --- [main] o.hibernate.jpa.internal.util.LogHelper  : HHH000204: Processing PersistenceUnitInfo [name: default]
2024-10-09T22:28:32.345-05:00  INFO 24524 --- [main] org.hibernate.Version                    : HHH000412: Hibernate ORM core version 6.5.3.Final
2024-10-09T22:28:32.392-05:00  INFO 24524 --- [main] o.h.c.internal.RegionFactoryInitiator    : HHH000026: Second-level cache disabled
2024-10-09T22:28:32.814-05:00  INFO 24524 --- [main] o.s.o.j.p.SpringPersistenceUnitInfo      : No LoadTimeWeaver setup: ignoring JPA class transformer
2024-10-09T22:28:32.863-05:00  INFO 24524 --- [main] com.zaxxer.hikari.HikariDataSource       : HikariPool-1 - Starting...
2024-10-09T22:28:33.143-05:00  INFO 24524 --- [main] com.zaxxer.hikari.pool.HikariPool        : HikariPool-1 - Added connection org.postgresql.jdbc.PgConnection@7afbf2a0
2024-10-09T22:28:33.145-05:00  INFO 24524 --- [main] com.zaxxer.hikari.HikariDataSource       : HikariPool-1 - Start completed.
2024-10-09T22:28:33.195-05:00  WARN 24524 --- [main] org.hibernate.orm.deprecation            : HHH90000025: PostgreSQLDialect does not need to be specified explicitly using 'hibernate.dialect' (remove the property setting and it will be selected by default)
2024-10-09T22:28:34.338-05:00  INFO 24524 --- [main] o.h.e.t.j.p.i.JtaPlatformInitiator       : HHH000489: No JTA platform available (set 'hibernate.transaction.jta.platform' to enable JTA platform integration)
2024-10-09T22:28:34.410-05:00  INFO 24524 --- [main] j.LocalContainerEntityManagerFactoryBean : Initialized JPA EntityManagerFactory for persistence unit 'default'
2024-10-09T22:28:34.831-05:00  WARN 24524 --- [main] JpaBaseConfiguration$JpaWebConfiguration : spring.jpa.open-in-view is enabled by default. Therefore, database queries may be performed during view rendering. Explicitly configure spring.jpa.open-in-view to disable this warning
2024-10-09T22:28:35.403-05:00  INFO 24524 --- [main] o.s.b.w.embedded.tomcat.TomcatWebServer  : Tomcat started on port 8090 (http) with context path '/'
2024-10-09T22:28:35.425-05:00  INFO 24524 --- [main] L.T.P.ProductCatalogServiceApplication   : Started ProductCatalogServiceApplication in 6.97 seconds (process running for 7.642)
2024-10-09T22:29:33.529-05:00  INFO 24524 --- [SpringApplicationShutdownHook] j.LocalContainerEntityManagerFactoryBean : Closing JPA EntityManagerFactory for persistence unit 'default'
2024-10-09T22:29:33.531-05:00  INFO 24524 --- [SpringApplicationShutdownHook] com.zaxxer.hikari.HikariDataSource       : HikariPool-1 - Shutdown initiated...
2024-10-09T22:29:33.537-05:00  INFO 24524 --- [SpringApplicationShutdownHook] com.zaxxer.hikari.HikariDataSource       : HikariPool-1 - Shutdown completed.
2024-10-09T22:30:13.446-05:00  INFO 5028 --- [main] L.T.P.ProductCatalogServiceApplication   : Starting ProductCatalogServiceApplication using Java 17.0.12 with PID 5028 (C:\Users\USUARIO\source\repos\JohnCubides\linktic\ProductCatalogService\target\classes started by USUARIO in C:\Users\USUARIO\source\repos\JohnCubides\linktic\ProductCatalogService)
2024-10-09T22:30:13.454-05:00  INFO 5028 --- [main] L.T.P.ProductCatalogServiceApplication   : No active profile set, falling back to 1 default profile: "default"
2024-10-09T22:30:13.867-05:00  WARN 5028 --- [main] ConfigServletWebServerApplicationContext : Exception encountered during context initialization - cancelling refresh attempt: org.springframework.beans.factory.BeanDefinitionStoreException: Failed to parse configuration class [Linktic.Test.ProductCatalogService.ProductCatalogServiceApplication]
2024-10-09T22:30:14.092-05:00 ERROR 5028 --- [main] o.s.boot.SpringApplication               : Application run failed

org.springframework.beans.factory.BeanDefinitionStoreException: Failed to parse configuration class [Linktic.Test.ProductCatalogService.ProductCatalogServiceApplication]
	at org.springframework.context.annotation.ConfigurationClassParser.parse(ConfigurationClassParser.java:179) ~[spring-context-6.1.13.jar:6.1.13]
	at org.springframework.context.annotation.ConfigurationClassPostProcessor.processConfigBeanDefinitions(ConfigurationClassPostProcessor.java:417) ~[spring-context-6.1.13.jar:6.1.13]
	at org.springframework.context.annotation.ConfigurationClassPostProcessor.postProcessBeanDefinitionRegistry(ConfigurationClassPostProcessor.java:290) ~[spring-context-6.1.13.jar:6.1.13]
	at org.springframework.context.support.PostProcessorRegistrationDelegate.invokeBeanDefinitionRegistryPostProcessors(PostProcessorRegistrationDelegate.java:349) ~[spring-context-6.1.13.jar:6.1.13]
	at org.springframework.context.support.PostProcessorRegistrationDelegate.invokeBeanFactoryPostProcessors(PostProcessorRegistrationDelegate.java:118) ~[spring-context-6.1.13.jar:6.1.13]
	at org.springframework.context.support.AbstractApplicationContext.invokeBeanFactoryPostProcessors(AbstractApplicationContext.java:789) ~[spring-context-6.1.13.jar:6.1.13]
	at org.springframework.context.support.AbstractApplicationContext.refresh(AbstractApplicationContext.java:607) ~[spring-context-6.1.13.jar:6.1.13]
	at org.springframework.boot.web.servlet.context.ServletWebServerApplicationContext.refresh(ServletWebServerApplicationContext.java:146) ~[spring-boot-3.3.4.jar:3.3.4]
	at org.springframework.boot.SpringApplication.refresh(SpringApplication.java:754) ~[spring-boot-3.3.4.jar:3.3.4]
	at org.springframework.boot.SpringApplication.refreshContext(SpringApplication.java:456) ~[spring-boot-3.3.4.jar:3.3.4]
	at org.springframework.boot.SpringApplication.run(SpringApplication.java:335) ~[spring-boot-3.3.4.jar:3.3.4]
	at org.springframework.boot.SpringApplication.run(SpringApplication.java:1363) ~[spring-boot-3.3.4.jar:3.3.4]
	at org.springframework.boot.SpringApplication.run(SpringApplication.java:1352) ~[spring-boot-3.3.4.jar:3.3.4]
	at Linktic.Test.ProductCatalogService.ProductCatalogServiceApplication.main(ProductCatalogServiceApplication.java:10) ~[classes/:na]
Caused by: org.springframework.context.annotation.ConflictingBeanDefinitionException: Annotation-specified bean name 'productController' for bean class [Linktic.Test.ProductCatalogService.API.Controller.v2.ProductController] conflicts with existing, non-compatible bean definition of same name and class [Linktic.Test.ProductCatalogService.API.Controller.v1.ProductController]
	at org.springframework.context.annotation.ClassPathBeanDefinitionScanner.checkCandidate(ClassPathBeanDefinitionScanner.java:361) ~[spring-context-6.1.13.jar:6.1.13]
	at org.springframework.context.annotation.ClassPathBeanDefinitionScanner.doScan(ClassPathBeanDefinitionScanner.java:288) ~[spring-context-6.1.13.jar:6.1.13]
	at org.springframework.context.annotation.ComponentScanAnnotationParser.parse(ComponentScanAnnotationParser.java:128) ~[spring-context-6.1.13.jar:6.1.13]
	at org.springframework.context.annotation.ConfigurationClassParser.doProcessConfigurationClass(ConfigurationClassParser.java:306) ~[spring-context-6.1.13.jar:6.1.13]
	at org.springframework.context.annotation.ConfigurationClassParser.processConfigurationClass(ConfigurationClassParser.java:246) ~[spring-context-6.1.13.jar:6.1.13]
	at org.springframework.context.annotation.ConfigurationClassParser.parse(ConfigurationClassParser.java:197) ~[spring-context-6.1.13.jar:6.1.13]
	at org.springframework.context.annotation.ConfigurationClassParser.parse(ConfigurationClassParser.java:165) ~[spring-context-6.1.13.jar:6.1.13]
	... 13 common frames omitted

2024-10-09T22:30:24.362-05:00  INFO 28376 --- [main] L.T.P.ProductCatalogServiceApplication   : Starting ProductCatalogServiceApplication using Java 17.0.12 with PID 28376 (C:\Users\USUARIO\source\repos\JohnCubides\linktic\ProductCatalogService\target\classes started by USUARIO in C:\Users\USUARIO\source\repos\JohnCubides\linktic\ProductCatalogService)
2024-10-09T22:30:24.368-05:00  INFO 28376 --- [main] L.T.P.ProductCatalogServiceApplication   : No active profile set, falling back to 1 default profile: "default"
2024-10-09T22:30:24.726-05:00  WARN 28376 --- [main] ConfigServletWebServerApplicationContext : Exception encountered during context initialization - cancelling refresh attempt: org.springframework.beans.factory.BeanDefinitionStoreException: Failed to parse configuration class [Linktic.Test.ProductCatalogService.ProductCatalogServiceApplication]
2024-10-09T22:30:24.851-05:00 ERROR 28376 --- [main] o.s.boot.SpringApplication               : Application run failed

org.springframework.beans.factory.BeanDefinitionStoreException: Failed to parse configuration class [Linktic.Test.ProductCatalogService.ProductCatalogServiceApplication]
	at org.springframework.context.annotation.ConfigurationClassParser.parse(ConfigurationClassParser.java:179) ~[spring-context-6.1.13.jar:6.1.13]
	at org.springframework.context.annotation.ConfigurationClassPostProcessor.processConfigBeanDefinitions(ConfigurationClassPostProcessor.java:417) ~[spring-context-6.1.13.jar:6.1.13]
	at org.springframework.context.annotation.ConfigurationClassPostProcessor.postProcessBeanDefinitionRegistry(ConfigurationClassPostProcessor.java:290) ~[spring-context-6.1.13.jar:6.1.13]
	at org.springframework.context.support.PostProcessorRegistrationDelegate.invokeBeanDefinitionRegistryPostProcessors(PostProcessorRegistrationDelegate.java:349) ~[spring-context-6.1.13.jar:6.1.13]
	at org.springframework.context.support.PostProcessorRegistrationDelegate.invokeBeanFactoryPostProcessors(PostProcessorRegistrationDelegate.java:118) ~[spring-context-6.1.13.jar:6.1.13]
	at org.springframework.context.support.AbstractApplicationContext.invokeBeanFactoryPostProcessors(AbstractApplicationContext.java:789) ~[spring-context-6.1.13.jar:6.1.13]
	at org.springframework.context.support.AbstractApplicationContext.refresh(AbstractApplicationContext.java:607) ~[spring-context-6.1.13.jar:6.1.13]
	at org.springframework.boot.web.servlet.context.ServletWebServerApplicationContext.refresh(ServletWebServerApplicationContext.java:146) ~[spring-boot-3.3.4.jar:3.3.4]
	at org.springframework.boot.SpringApplication.refresh(SpringApplication.java:754) ~[spring-boot-3.3.4.jar:3.3.4]
	at org.springframework.boot.SpringApplication.refreshContext(SpringApplication.java:456) ~[spring-boot-3.3.4.jar:3.3.4]
	at org.springframework.boot.SpringApplication.run(SpringApplication.java:335) ~[spring-boot-3.3.4.jar:3.3.4]
	at org.springframework.boot.SpringApplication.run(SpringApplication.java:1363) ~[spring-boot-3.3.4.jar:3.3.4]
	at org.springframework.boot.SpringApplication.run(SpringApplication.java:1352) ~[spring-boot-3.3.4.jar:3.3.4]
	at Linktic.Test.ProductCatalogService.ProductCatalogServiceApplication.main(ProductCatalogServiceApplication.java:10) ~[classes/:na]
Caused by: org.springframework.context.annotation.ConflictingBeanDefinitionException: Annotation-specified bean name 'productController' for bean class [Linktic.Test.ProductCatalogService.API.Controller.v2.ProductController] conflicts with existing, non-compatible bean definition of same name and class [Linktic.Test.ProductCatalogService.API.Controller.v1.ProductController]
	at org.springframework.context.annotation.ClassPathBeanDefinitionScanner.checkCandidate(ClassPathBeanDefinitionScanner.java:361) ~[spring-context-6.1.13.jar:6.1.13]
	at org.springframework.context.annotation.ClassPathBeanDefinitionScanner.doScan(ClassPathBeanDefinitionScanner.java:288) ~[spring-context-6.1.13.jar:6.1.13]
	at org.springframework.context.annotation.ComponentScanAnnotationParser.parse(ComponentScanAnnotationParser.java:128) ~[spring-context-6.1.13.jar:6.1.13]
	at org.springframework.context.annotation.ConfigurationClassParser.doProcessConfigurationClass(ConfigurationClassParser.java:306) ~[spring-context-6.1.13.jar:6.1.13]
	at org.springframework.context.annotation.ConfigurationClassParser.processConfigurationClass(ConfigurationClassParser.java:246) ~[spring-context-6.1.13.jar:6.1.13]
	at org.springframework.context.annotation.ConfigurationClassParser.parse(ConfigurationClassParser.java:197) ~[spring-context-6.1.13.jar:6.1.13]
	at org.springframework.context.annotation.ConfigurationClassParser.parse(ConfigurationClassParser.java:165) ~[spring-context-6.1.13.jar:6.1.13]
	... 13 common frames omitted

2024-10-09T22:30:36.055-05:00  INFO 7292 --- [main] L.T.P.ProductCatalogServiceApplication   : Starting ProductCatalogServiceApplication using Java 17.0.12 with PID 7292 (C:\Users\USUARIO\source\repos\JohnCubides\linktic\ProductCatalogService\target\classes started by USUARIO in C:\Users\USUARIO\source\repos\JohnCubides\linktic\ProductCatalogService)
2024-10-09T22:30:36.059-05:00  INFO 7292 --- [main] L.T.P.ProductCatalogServiceApplication   : No active profile set, falling back to 1 default profile: "default"
2024-10-09T22:30:36.395-05:00  WARN 7292 --- [main] ConfigServletWebServerApplicationContext : Exception encountered during context initialization - cancelling refresh attempt: org.springframework.beans.factory.BeanDefinitionStoreException: Failed to parse configuration class [Linktic.Test.ProductCatalogService.ProductCatalogServiceApplication]
2024-10-09T22:30:36.509-05:00 ERROR 7292 --- [main] o.s.boot.SpringApplication               : Application run failed

org.springframework.beans.factory.BeanDefinitionStoreException: Failed to parse configuration class [Linktic.Test.ProductCatalogService.ProductCatalogServiceApplication]
	at org.springframework.context.annotation.ConfigurationClassParser.parse(ConfigurationClassParser.java:179) ~[spring-context-6.1.13.jar:6.1.13]
	at org.springframework.context.annotation.ConfigurationClassPostProcessor.processConfigBeanDefinitions(ConfigurationClassPostProcessor.java:417) ~[spring-context-6.1.13.jar:6.1.13]
	at org.springframework.context.annotation.ConfigurationClassPostProcessor.postProcessBeanDefinitionRegistry(ConfigurationClassPostProcessor.java:290) ~[spring-context-6.1.13.jar:6.1.13]
	at org.springframework.context.support.PostProcessorRegistrationDelegate.invokeBeanDefinitionRegistryPostProcessors(PostProcessorRegistrationDelegate.java:349) ~[spring-context-6.1.13.jar:6.1.13]
	at org.springframework.context.support.PostProcessorRegistrationDelegate.invokeBeanFactoryPostProcessors(PostProcessorRegistrationDelegate.java:118) ~[spring-context-6.1.13.jar:6.1.13]
	at org.springframework.context.support.AbstractApplicationContext.invokeBeanFactoryPostProcessors(AbstractApplicationContext.java:789) ~[spring-context-6.1.13.jar:6.1.13]
	at org.springframework.context.support.AbstractApplicationContext.refresh(AbstractApplicationContext.java:607) ~[spring-context-6.1.13.jar:6.1.13]
	at org.springframework.boot.web.servlet.context.ServletWebServerApplicationContext.refresh(ServletWebServerApplicationContext.java:146) ~[spring-boot-3.3.4.jar:3.3.4]
	at org.springframework.boot.SpringApplication.refresh(SpringApplication.java:754) ~[spring-boot-3.3.4.jar:3.3.4]
	at org.springframework.boot.SpringApplication.refreshContext(SpringApplication.java:456) ~[spring-boot-3.3.4.jar:3.3.4]
	at org.springframework.boot.SpringApplication.run(SpringApplication.java:335) ~[spring-boot-3.3.4.jar:3.3.4]
	at org.springframework.boot.SpringApplication.run(SpringApplication.java:1363) ~[spring-boot-3.3.4.jar:3.3.4]
	at org.springframework.boot.SpringApplication.run(SpringApplication.java:1352) ~[spring-boot-3.3.4.jar:3.3.4]
	at Linktic.Test.ProductCatalogService.ProductCatalogServiceApplication.main(ProductCatalogServiceApplication.java:10) ~[classes/:na]
Caused by: org.springframework.context.annotation.ConflictingBeanDefinitionException: Annotation-specified bean name 'productController' for bean class [Linktic.Test.ProductCatalogService.API.Controller.v2.ProductController] conflicts with existing, non-compatible bean definition of same name and class [Linktic.Test.ProductCatalogService.API.Controller.v1.ProductController]
	at org.springframework.context.annotation.ClassPathBeanDefinitionScanner.checkCandidate(ClassPathBeanDefinitionScanner.java:361) ~[spring-context-6.1.13.jar:6.1.13]
	at org.springframework.context.annotation.ClassPathBeanDefinitionScanner.doScan(ClassPathBeanDefinitionScanner.java:288) ~[spring-context-6.1.13.jar:6.1.13]
	at org.springframework.context.annotation.ComponentScanAnnotationParser.parse(ComponentScanAnnotationParser.java:128) ~[spring-context-6.1.13.jar:6.1.13]
	at org.springframework.context.annotation.ConfigurationClassParser.doProcessConfigurationClass(ConfigurationClassParser.java:306) ~[spring-context-6.1.13.jar:6.1.13]
	at org.springframework.context.annotation.ConfigurationClassParser.processConfigurationClass(ConfigurationClassParser.java:246) ~[spring-context-6.1.13.jar:6.1.13]
	at org.springframework.context.annotation.ConfigurationClassParser.parse(ConfigurationClassParser.java:197) ~[spring-context-6.1.13.jar:6.1.13]
	at org.springframework.context.annotation.ConfigurationClassParser.parse(ConfigurationClassParser.java:165) ~[spring-context-6.1.13.jar:6.1.13]
	... 13 common frames omitted

2024-10-09T22:30:59.605-05:00  INFO 25140 --- [main] L.T.P.ProductCatalogServiceApplication   : Starting ProductCatalogServiceApplication using Java 21.0.4 with PID 25140 (C:\Users\USUARIO\source\repos\JohnCubides\linktic\ProductCatalogService\target\classes started by USUARIO in C:\Users\USUARIO\source\repos\JohnCubides\linktic\ProductCatalogService)
2024-10-09T22:30:59.608-05:00  INFO 25140 --- [main] L.T.P.ProductCatalogServiceApplication   : No active profile set, falling back to 1 default profile: "default"
2024-10-09T22:30:59.855-05:00  WARN 25140 --- [main] ConfigServletWebServerApplicationContext : Exception encountered during context initialization - cancelling refresh attempt: org.springframework.beans.factory.BeanDefinitionStoreException: Failed to parse configuration class [Linktic.Test.ProductCatalogService.ProductCatalogServiceApplication]
2024-10-09T22:30:59.959-05:00 ERROR 25140 --- [main] o.s.boot.SpringApplication               : Application run failed

org.springframework.beans.factory.BeanDefinitionStoreException: Failed to parse configuration class [Linktic.Test.ProductCatalogService.ProductCatalogServiceApplication]
	at org.springframework.context.annotation.ConfigurationClassParser.parse(ConfigurationClassParser.java:179) ~[spring-context-6.1.13.jar:6.1.13]
	at org.springframework.context.annotation.ConfigurationClassPostProcessor.processConfigBeanDefinitions(ConfigurationClassPostProcessor.java:417) ~[spring-context-6.1.13.jar:6.1.13]
	at org.springframework.context.annotation.ConfigurationClassPostProcessor.postProcessBeanDefinitionRegistry(ConfigurationClassPostProcessor.java:290) ~[spring-context-6.1.13.jar:6.1.13]
	at org.springframework.context.support.PostProcessorRegistrationDelegate.invokeBeanDefinitionRegistryPostProcessors(PostProcessorRegistrationDelegate.java:349) ~[spring-context-6.1.13.jar:6.1.13]
	at org.springframework.context.support.PostProcessorRegistrationDelegate.invokeBeanFactoryPostProcessors(PostProcessorRegistrationDelegate.java:118) ~[spring-context-6.1.13.jar:6.1.13]
	at org.springframework.context.support.AbstractApplicationContext.invokeBeanFactoryPostProcessors(AbstractApplicationContext.java:789) ~[spring-context-6.1.13.jar:6.1.13]
	at org.springframework.context.support.AbstractApplicationContext.refresh(AbstractApplicationContext.java:607) ~[spring-context-6.1.13.jar:6.1.13]
	at org.springframework.boot.web.servlet.context.ServletWebServerApplicationContext.refresh(ServletWebServerApplicationContext.java:146) ~[spring-boot-3.3.4.jar:3.3.4]
	at org.springframework.boot.SpringApplication.refresh(SpringApplication.java:754) ~[spring-boot-3.3.4.jar:3.3.4]
	at org.springframework.boot.SpringApplication.refreshContext(SpringApplication.java:456) ~[spring-boot-3.3.4.jar:3.3.4]
	at org.springframework.boot.SpringApplication.run(SpringApplication.java:335) ~[spring-boot-3.3.4.jar:3.3.4]
	at org.springframework.boot.SpringApplication.run(SpringApplication.java:1363) ~[spring-boot-3.3.4.jar:3.3.4]
	at org.springframework.boot.SpringApplication.run(SpringApplication.java:1352) ~[spring-boot-3.3.4.jar:3.3.4]
	at Linktic.Test.ProductCatalogService.ProductCatalogServiceApplication.main(ProductCatalogServiceApplication.java:10) ~[classes/:na]
Caused by: org.springframework.context.annotation.ConflictingBeanDefinitionException: Annotation-specified bean name 'productController' for bean class [Linktic.Test.ProductCatalogService.API.Controller.v2.ProductController] conflicts with existing, non-compatible bean definition of same name and class [Linktic.Test.ProductCatalogService.API.Controller.v1.ProductController]
	at org.springframework.context.annotation.ClassPathBeanDefinitionScanner.checkCandidate(ClassPathBeanDefinitionScanner.java:361) ~[spring-context-6.1.13.jar:6.1.13]
	at org.springframework.context.annotation.ClassPathBeanDefinitionScanner.doScan(ClassPathBeanDefinitionScanner.java:288) ~[spring-context-6.1.13.jar:6.1.13]
	at org.springframework.context.annotation.ComponentScanAnnotationParser.parse(ComponentScanAnnotationParser.java:128) ~[spring-context-6.1.13.jar:6.1.13]
	at org.springframework.context.annotation.ConfigurationClassParser.doProcessConfigurationClass(ConfigurationClassParser.java:306) ~[spring-context-6.1.13.jar:6.1.13]
	at org.springframework.context.annotation.ConfigurationClassParser.processConfigurationClass(ConfigurationClassParser.java:246) ~[spring-context-6.1.13.jar:6.1.13]
	at org.springframework.context.annotation.ConfigurationClassParser.parse(ConfigurationClassParser.java:197) ~[spring-context-6.1.13.jar:6.1.13]
	at org.springframework.context.annotation.ConfigurationClassParser.parse(ConfigurationClassParser.java:165) ~[spring-context-6.1.13.jar:6.1.13]
	... 13 common frames omitted

2024-10-09T22:36:15.242-05:00  INFO 23968 --- [main] L.T.P.ProductCatalogServiceApplication   : Starting ProductCatalogServiceApplication using Java 17.0.12 with PID 23968 (C:\Users\USUARIO\source\repos\JohnCubides\linktic\ProductCatalogService\target\classes started by USUARIO in C:\Users\USUARIO\source\repos\JohnCubides\linktic\ProductCatalogService)
2024-10-09T22:36:15.246-05:00  INFO 23968 --- [main] L.T.P.ProductCatalogServiceApplication   : No active profile set, falling back to 1 default profile: "default"
2024-10-09T22:36:15.538-05:00  WARN 23968 --- [main] ConfigServletWebServerApplicationContext : Exception encountered during context initialization - cancelling refresh attempt: org.springframework.beans.factory.BeanDefinitionStoreException: Failed to parse configuration class [Linktic.Test.ProductCatalogService.ProductCatalogServiceApplication]
2024-10-09T22:36:15.660-05:00 ERROR 23968 --- [main] o.s.boot.SpringApplication               : Application run failed

org.springframework.beans.factory.BeanDefinitionStoreException: Failed to parse configuration class [Linktic.Test.ProductCatalogService.ProductCatalogServiceApplication]
	at org.springframework.context.annotation.ConfigurationClassParser.parse(ConfigurationClassParser.java:179) ~[spring-context-6.1.13.jar:6.1.13]
	at org.springframework.context.annotation.ConfigurationClassPostProcessor.processConfigBeanDefinitions(ConfigurationClassPostProcessor.java:417) ~[spring-context-6.1.13.jar:6.1.13]
	at org.springframework.context.annotation.ConfigurationClassPostProcessor.postProcessBeanDefinitionRegistry(ConfigurationClassPostProcessor.java:290) ~[spring-context-6.1.13.jar:6.1.13]
	at org.springframework.context.support.PostProcessorRegistrationDelegate.invokeBeanDefinitionRegistryPostProcessors(PostProcessorRegistrationDelegate.java:349) ~[spring-context-6.1.13.jar:6.1.13]
	at org.springframework.context.support.PostProcessorRegistrationDelegate.invokeBeanFactoryPostProcessors(PostProcessorRegistrationDelegate.java:118) ~[spring-context-6.1.13.jar:6.1.13]
	at org.springframework.context.support.AbstractApplicationContext.invokeBeanFactoryPostProcessors(AbstractApplicationContext.java:789) ~[spring-context-6.1.13.jar:6.1.13]
	at org.springframework.context.support.AbstractApplicationContext.refresh(AbstractApplicationContext.java:607) ~[spring-context-6.1.13.jar:6.1.13]
	at org.springframework.boot.web.servlet.context.ServletWebServerApplicationContext.refresh(ServletWebServerApplicationContext.java:146) ~[spring-boot-3.3.4.jar:3.3.4]
	at org.springframework.boot.SpringApplication.refresh(SpringApplication.java:754) ~[spring-boot-3.3.4.jar:3.3.4]
	at org.springframework.boot.SpringApplication.refreshContext(SpringApplication.java:456) ~[spring-boot-3.3.4.jar:3.3.4]
	at org.springframework.boot.SpringApplication.run(SpringApplication.java:335) ~[spring-boot-3.3.4.jar:3.3.4]
	at org.springframework.boot.SpringApplication.run(SpringApplication.java:1363) ~[spring-boot-3.3.4.jar:3.3.4]
	at org.springframework.boot.SpringApplication.run(SpringApplication.java:1352) ~[spring-boot-3.3.4.jar:3.3.4]
	at Linktic.Test.ProductCatalogService.ProductCatalogServiceApplication.main(ProductCatalogServiceApplication.java:10) ~[classes/:na]
Caused by: org.springframework.context.annotation.ConflictingBeanDefinitionException: Annotation-specified bean name 'productController' for bean class [Linktic.Test.ProductCatalogService.API.Controller.v2.ProductController] conflicts with existing, non-compatible bean definition of same name and class [Linktic.Test.ProductCatalogService.API.Controller.v1.ProductController]
	at org.springframework.context.annotation.ClassPathBeanDefinitionScanner.checkCandidate(ClassPathBeanDefinitionScanner.java:361) ~[spring-context-6.1.13.jar:6.1.13]
	at org.springframework.context.annotation.ClassPathBeanDefinitionScanner.doScan(ClassPathBeanDefinitionScanner.java:288) ~[spring-context-6.1.13.jar:6.1.13]
	at org.springframework.context.annotation.ComponentScanAnnotationParser.parse(ComponentScanAnnotationParser.java:128) ~[spring-context-6.1.13.jar:6.1.13]
	at org.springframework.context.annotation.ConfigurationClassParser.doProcessConfigurationClass(ConfigurationClassParser.java:306) ~[spring-context-6.1.13.jar:6.1.13]
	at org.springframework.context.annotation.ConfigurationClassParser.processConfigurationClass(ConfigurationClassParser.java:246) ~[spring-context-6.1.13.jar:6.1.13]
	at org.springframework.context.annotation.ConfigurationClassParser.parse(ConfigurationClassParser.java:197) ~[spring-context-6.1.13.jar:6.1.13]
	at org.springframework.context.annotation.ConfigurationClassParser.parse(ConfigurationClassParser.java:165) ~[spring-context-6.1.13.jar:6.1.13]
	... 13 common frames omitted

2024-10-09T22:36:31.150-05:00  INFO 23120 --- [main] L.T.P.ProductCatalogServiceApplication   : Starting ProductCatalogServiceApplication using Java 17.0.12 with PID 23120 (C:\Users\USUARIO\source\repos\JohnCubides\linktic\ProductCatalogService\target\classes started by USUARIO in C:\Users\USUARIO\source\repos\JohnCubides\linktic\ProductCatalogService)
2024-10-09T22:36:31.153-05:00  INFO 23120 --- [main] L.T.P.ProductCatalogServiceApplication   : No active profile set, falling back to 1 default profile: "default"
2024-10-09T22:36:32.145-05:00  INFO 23120 --- [main] .s.d.r.c.RepositoryConfigurationDelegate : Bootstrapping Spring Data JPA repositories in DEFAULT mode.
2024-10-09T22:36:32.237-05:00  INFO 23120 --- [main] .s.d.r.c.RepositoryConfigurationDelegate : Finished Spring Data repository scanning in 75 ms. Found 1 JPA repository interface.
2024-10-09T22:36:33.040-05:00  INFO 23120 --- [main] o.s.b.w.embedded.tomcat.TomcatWebServer  : Tomcat initialized with port 8090 (http)
2024-10-09T22:36:33.054-05:00  INFO 23120 --- [main] o.apache.catalina.core.StandardService   : Starting service [Tomcat]
2024-10-09T22:36:33.054-05:00  INFO 23120 --- [main] o.apache.catalina.core.StandardEngine    : Starting Servlet engine: [Apache Tomcat/10.1.30]
2024-10-09T22:36:33.150-05:00  INFO 23120 --- [main] o.a.c.c.C.[Tomcat].[localhost].[/]       : Initializing Spring embedded WebApplicationContext
2024-10-09T22:36:33.150-05:00  INFO 23120 --- [main] w.s.c.ServletWebServerApplicationContext : Root WebApplicationContext: initialization completed in 1905 ms
2024-10-09T22:36:33.371-05:00  INFO 23120 --- [main] o.hibernate.jpa.internal.util.LogHelper  : HHH000204: Processing PersistenceUnitInfo [name: default]
2024-10-09T22:36:33.452-05:00  INFO 23120 --- [main] org.hibernate.Version                    : HHH000412: Hibernate ORM core version 6.5.3.Final
2024-10-09T22:36:33.499-05:00  INFO 23120 --- [main] o.h.c.internal.RegionFactoryInitiator    : HHH000026: Second-level cache disabled
2024-10-09T22:36:33.889-05:00  INFO 23120 --- [main] o.s.o.j.p.SpringPersistenceUnitInfo      : No LoadTimeWeaver setup: ignoring JPA class transformer
2024-10-09T22:36:33.945-05:00  INFO 23120 --- [main] com.zaxxer.hikari.HikariDataSource       : HikariPool-1 - Starting...
2024-10-09T22:36:34.333-05:00  INFO 23120 --- [main] com.zaxxer.hikari.pool.HikariPool        : HikariPool-1 - Added connection org.postgresql.jdbc.PgConnection@3356ff58
2024-10-09T22:36:34.334-05:00  INFO 23120 --- [main] com.zaxxer.hikari.HikariDataSource       : HikariPool-1 - Start completed.
2024-10-09T22:36:34.374-05:00  WARN 23120 --- [main] org.hibernate.orm.deprecation            : HHH90000025: PostgreSQLDialect does not need to be specified explicitly using 'hibernate.dialect' (remove the property setting and it will be selected by default)
2024-10-09T22:36:35.460-05:00  INFO 23120 --- [main] o.h.e.t.j.p.i.JtaPlatformInitiator       : HHH000489: No JTA platform available (set 'hibernate.transaction.jta.platform' to enable JTA platform integration)
2024-10-09T22:36:35.530-05:00  INFO 23120 --- [main] j.LocalContainerEntityManagerFactoryBean : Initialized JPA EntityManagerFactory for persistence unit 'default'
2024-10-09T22:36:35.910-05:00  WARN 23120 --- [main] JpaBaseConfiguration$JpaWebConfiguration : spring.jpa.open-in-view is enabled by default. Therefore, database queries may be performed during view rendering. Explicitly configure spring.jpa.open-in-view to disable this warning
2024-10-09T22:36:36.449-05:00  INFO 23120 --- [main] o.s.b.w.embedded.tomcat.TomcatWebServer  : Tomcat started on port 8090 (http) with context path '/'
2024-10-09T22:36:36.463-05:00  INFO 23120 --- [main] L.T.P.ProductCatalogServiceApplication   : Started ProductCatalogServiceApplication in 6.114 seconds (process running for 6.717)
2024-10-09T22:36:43.421-05:00  INFO 23120 --- [http-nio-8090-exec-1] o.a.c.c.C.[Tomcat].[localhost].[/]       : Initializing Spring DispatcherServlet 'dispatcherServlet'
2024-10-09T22:36:43.421-05:00  INFO 23120 --- [http-nio-8090-exec-1] o.s.web.servlet.DispatcherServlet        : Initializing Servlet 'dispatcherServlet'
2024-10-09T22:36:43.422-05:00  INFO 23120 --- [http-nio-8090-exec-1] o.s.web.servlet.DispatcherServlet        : Completed initialization in 1 ms
2024-10-09T22:37:09.148-05:00  INFO 23120 --- [SpringApplicationShutdownHook] j.LocalContainerEntityManagerFactoryBean : Closing JPA EntityManagerFactory for persistence unit 'default'
2024-10-09T22:37:09.149-05:00  INFO 23120 --- [SpringApplicationShutdownHook] com.zaxxer.hikari.HikariDataSource       : HikariPool-1 - Shutdown initiated...
2024-10-09T22:37:09.155-05:00  INFO 23120 --- [SpringApplicationShutdownHook] com.zaxxer.hikari.HikariDataSource       : HikariPool-1 - Shutdown completed.
2024-10-09T22:37:29.125-05:00  INFO 29312 --- [main] .P.ProductCatalogServiceApplicationTests : Starting ProductCatalogServiceApplicationTests using Java 21.0.4 with PID 29312 (started by USUARIO in C:\Users\USUARIO\source\repos\JohnCubides\linktic\ProductCatalogService)
2024-10-09T22:37:29.127-05:00  INFO 29312 --- [main] .P.ProductCatalogServiceApplicationTests : No active profile set, falling back to 1 default profile: "default"
2024-10-09T22:37:30.314-05:00  INFO 29312 --- [main] .s.d.r.c.RepositoryConfigurationDelegate : Bootstrapping Spring Data JPA repositories in DEFAULT mode.
2024-10-09T22:37:30.397-05:00  INFO 29312 --- [main] .s.d.r.c.RepositoryConfigurationDelegate : Finished Spring Data repository scanning in 72 ms. Found 1 JPA repository interface.
2024-10-09T22:37:31.128-05:00  INFO 29312 --- [main] o.hibernate.jpa.internal.util.LogHelper  : HHH000204: Processing PersistenceUnitInfo [name: default]
2024-10-09T22:37:31.262-05:00  INFO 29312 --- [main] org.hibernate.Version                    : HHH000412: Hibernate ORM core version 6.5.3.Final
2024-10-09T22:37:31.322-05:00  INFO 29312 --- [main] o.h.c.internal.RegionFactoryInitiator    : HHH000026: Second-level cache disabled
2024-10-09T22:37:31.795-05:00  INFO 29312 --- [main] o.s.o.j.p.SpringPersistenceUnitInfo      : No LoadTimeWeaver setup: ignoring JPA class transformer
2024-10-09T22:37:31.846-05:00  INFO 29312 --- [main] com.zaxxer.hikari.HikariDataSource       : HikariPool-1 - Starting...
2024-10-09T22:37:32.140-05:00  INFO 29312 --- [main] com.zaxxer.hikari.pool.HikariPool        : HikariPool-1 - Added connection org.postgresql.jdbc.PgConnection@2f471037
2024-10-09T22:37:32.142-05:00  INFO 29312 --- [main] com.zaxxer.hikari.HikariDataSource       : HikariPool-1 - Start completed.
2024-10-09T22:37:32.187-05:00  WARN 29312 --- [main] org.hibernate.orm.deprecation            : HHH90000025: PostgreSQLDialect does not need to be specified explicitly using 'hibernate.dialect' (remove the property setting and it will be selected by default)
2024-10-09T22:37:33.381-05:00  INFO 29312 --- [main] o.h.e.t.j.p.i.JtaPlatformInitiator       : HHH000489: No JTA platform available (set 'hibernate.transaction.jta.platform' to enable JTA platform integration)
2024-10-09T22:37:33.452-05:00  INFO 29312 --- [main] j.LocalContainerEntityManagerFactoryBean : Initialized JPA EntityManagerFactory for persistence unit 'default'
2024-10-09T22:37:34.352-05:00  WARN 29312 --- [main] JpaBaseConfiguration$JpaWebConfiguration : spring.jpa.open-in-view is enabled by default. Therefore, database queries may be performed during view rendering. Explicitly configure spring.jpa.open-in-view to disable this warning
2024-10-09T22:37:35.151-05:00  INFO 29312 --- [main] .P.ProductCatalogServiceApplicationTests : Started ProductCatalogServiceApplicationTests in 6.559 seconds (process running for 7.985)
2024-10-09T22:37:36.093-05:00  INFO 29312 --- [SpringApplicationShutdownHook] j.LocalContainerEntityManagerFactoryBean : Closing JPA EntityManagerFactory for persistence unit 'default'
2024-10-09T22:37:36.098-05:00  INFO 29312 --- [SpringApplicationShutdownHook] com.zaxxer.hikari.HikariDataSource       : HikariPool-1 - Shutdown initiated...
2024-10-09T22:37:36.115-05:00  INFO 29312 --- [SpringApplicationShutdownHook] com.zaxxer.hikari.HikariDataSource       : HikariPool-1 - Shutdown completed.
2024-10-09T22:37:50.651-05:00  INFO 10252 --- [main] L.T.P.ProductCatalogServiceApplication   : Starting ProductCatalogServiceApplication using Java 21.0.4 with PID 10252 (C:\Users\USUARIO\source\repos\JohnCubides\linktic\ProductCatalogService\target\classes started by USUARIO in C:\Users\USUARIO\source\repos\JohnCubides\linktic\ProductCatalogService)
2024-10-09T22:37:50.655-05:00  INFO 10252 --- [main] L.T.P.ProductCatalogServiceApplication   : No active profile set, falling back to 1 default profile: "default"
2024-10-09T22:37:51.641-05:00  INFO 10252 --- [main] .s.d.r.c.RepositoryConfigurationDelegate : Bootstrapping Spring Data JPA repositories in DEFAULT mode.
2024-10-09T22:37:51.722-05:00  INFO 10252 --- [main] .s.d.r.c.RepositoryConfigurationDelegate : Finished Spring Data repository scanning in 72 ms. Found 1 JPA repository interface.
2024-10-09T22:37:52.314-05:00  INFO 10252 --- [main] o.s.b.w.embedded.tomcat.TomcatWebServer  : Tomcat initialized with port 8090 (http)
2024-10-09T22:37:52.339-05:00  INFO 10252 --- [main] o.apache.catalina.core.StandardService   : Starting service [Tomcat]
2024-10-09T22:37:52.340-05:00  INFO 10252 --- [main] o.apache.catalina.core.StandardEngine    : Starting Servlet engine: [Apache Tomcat/10.1.30]
2024-10-09T22:37:52.412-05:00  INFO 10252 --- [main] o.a.c.c.C.[Tomcat].[localhost].[/]       : Initializing Spring embedded WebApplicationContext
2024-10-09T22:37:52.413-05:00  INFO 10252 --- [main] w.s.c.ServletWebServerApplicationContext : Root WebApplicationContext: initialization completed in 1683 ms
2024-10-09T22:37:52.576-05:00  INFO 10252 --- [main] o.hibernate.jpa.internal.util.LogHelper  : HHH000204: Processing PersistenceUnitInfo [name: default]
2024-10-09T22:37:52.639-05:00  INFO 10252 --- [main] org.hibernate.Version                    : HHH000412: Hibernate ORM core version 6.5.3.Final
2024-10-09T22:37:52.676-05:00  INFO 10252 --- [main] o.h.c.internal.RegionFactoryInitiator    : HHH000026: Second-level cache disabled
2024-10-09T22:37:53.019-05:00  INFO 10252 --- [main] o.s.o.j.p.SpringPersistenceUnitInfo      : No LoadTimeWeaver setup: ignoring JPA class transformer
2024-10-09T22:37:53.055-05:00  INFO 10252 --- [main] com.zaxxer.hikari.HikariDataSource       : HikariPool-1 - Starting...
2024-10-09T22:37:53.249-05:00  INFO 10252 --- [main] com.zaxxer.hikari.pool.HikariPool        : HikariPool-1 - Added connection org.postgresql.jdbc.PgConnection@6785c9fa
2024-10-09T22:37:53.251-05:00  INFO 10252 --- [main] com.zaxxer.hikari.HikariDataSource       : HikariPool-1 - Start completed.
2024-10-09T22:37:53.291-05:00  WARN 10252 --- [main] org.hibernate.orm.deprecation            : HHH90000025: PostgreSQLDialect does not need to be specified explicitly using 'hibernate.dialect' (remove the property setting and it will be selected by default)
2024-10-09T22:37:54.192-05:00  INFO 10252 --- [main] o.h.e.t.j.p.i.JtaPlatformInitiator       : HHH000489: No JTA platform available (set 'hibernate.transaction.jta.platform' to enable JTA platform integration)
2024-10-09T22:37:54.268-05:00  INFO 10252 --- [main] j.LocalContainerEntityManagerFactoryBean : Initialized JPA EntityManagerFactory for persistence unit 'default'
2024-10-09T22:37:54.663-05:00  WARN 10252 --- [main] JpaBaseConfiguration$JpaWebConfiguration : spring.jpa.open-in-view is enabled by default. Therefore, database queries may be performed during view rendering. Explicitly configure spring.jpa.open-in-view to disable this warning
2024-10-09T22:37:55.097-05:00  INFO 10252 --- [main] o.s.b.w.embedded.tomcat.TomcatWebServer  : Tomcat started on port 8090 (http) with context path '/'
2024-10-09T22:37:55.107-05:00  INFO 10252 --- [main] L.T.P.ProductCatalogServiceApplication   : Started ProductCatalogServiceApplication in 5.078 seconds (process running for 5.536)
2024-10-09T22:38:03.754-05:00  INFO 10252 --- [http-nio-8090-exec-1] o.a.c.c.C.[Tomcat].[localhost].[/]       : Initializing Spring DispatcherServlet 'dispatcherServlet'
2024-10-09T22:38:03.755-05:00  INFO 10252 --- [http-nio-8090-exec-1] o.s.web.servlet.DispatcherServlet        : Initializing Servlet 'dispatcherServlet'
2024-10-09T22:38:03.755-05:00  INFO 10252 --- [http-nio-8090-exec-1] o.s.web.servlet.DispatcherServlet        : Completed initialization in 0 ms
2024-10-09T22:38:03.811-05:00  WARN 10252 --- [http-nio-8090-exec-1] o.springdoc.core.service.OpenAPIService  : found more than one OpenAPIDefinition class. springdoc-openapi will be using the first one found.
2024-10-09T22:38:04.046-05:00  INFO 10252 --- [http-nio-8090-exec-1] o.springdoc.api.AbstractOpenApiResource  : Init duration for springdoc-openapi is: 241 ms
2024-10-09T22:40:24.615-05:00  INFO 10252 --- [SpringApplicationShutdownHook] j.LocalContainerEntityManagerFactoryBean : Closing JPA EntityManagerFactory for persistence unit 'default'
2024-10-09T22:40:24.618-05:00  INFO 10252 --- [SpringApplicationShutdownHook] com.zaxxer.hikari.HikariDataSource       : HikariPool-1 - Shutdown initiated...
2024-10-09T22:40:24.623-05:00  INFO 10252 --- [SpringApplicationShutdownHook] com.zaxxer.hikari.HikariDataSource       : HikariPool-1 - Shutdown completed.
2024-10-09T22:40:30.867-05:00  INFO 26104 --- [main] L.T.P.ProductCatalogServiceApplication   : Starting ProductCatalogServiceApplication using Java 17.0.12 with PID 26104 (C:\Users\USUARIO\source\repos\JohnCubides\linktic\ProductCatalogService\target\classes started by USUARIO in C:\Users\USUARIO\source\repos\JohnCubides\linktic\ProductCatalogService)
2024-10-09T22:40:30.876-05:00  INFO 26104 --- [main] L.T.P.ProductCatalogServiceApplication   : No active profile set, falling back to 1 default profile: "default"
2024-10-09T22:40:31.984-05:00  INFO 26104 --- [main] .s.d.r.c.RepositoryConfigurationDelegate : Bootstrapping Spring Data JPA repositories in DEFAULT mode.
2024-10-09T22:40:32.087-05:00  INFO 26104 --- [main] .s.d.r.c.RepositoryConfigurationDelegate : Finished Spring Data repository scanning in 84 ms. Found 1 JPA repository interface.
2024-10-09T22:40:32.908-05:00  INFO 26104 --- [main] o.s.b.w.embedded.tomcat.TomcatWebServer  : Tomcat initialized with port 8090 (http)
2024-10-09T22:40:32.927-05:00  INFO 26104 --- [main] o.apache.catalina.core.StandardService   : Starting service [Tomcat]
2024-10-09T22:40:32.928-05:00  INFO 26104 --- [main] o.apache.catalina.core.StandardEngine    : Starting Servlet engine: [Apache Tomcat/10.1.30]
2024-10-09T22:40:33.024-05:00  INFO 26104 --- [main] o.a.c.c.C.[Tomcat].[localhost].[/]       : Initializing Spring embedded WebApplicationContext
2024-10-09T22:40:33.024-05:00  INFO 26104 --- [main] w.s.c.ServletWebServerApplicationContext : Root WebApplicationContext: initialization completed in 2072 ms
2024-10-09T22:40:33.243-05:00  INFO 26104 --- [main] o.hibernate.jpa.internal.util.LogHelper  : HHH000204: Processing PersistenceUnitInfo [name: default]
2024-10-09T22:40:33.326-05:00  INFO 26104 --- [main] org.hibernate.Version                    : HHH000412: Hibernate ORM core version 6.5.3.Final
2024-10-09T22:40:33.377-05:00  INFO 26104 --- [main] o.h.c.internal.RegionFactoryInitiator    : HHH000026: Second-level cache disabled
2024-10-09T22:40:33.776-05:00  INFO 26104 --- [main] o.s.o.j.p.SpringPersistenceUnitInfo      : No LoadTimeWeaver setup: ignoring JPA class transformer
2024-10-09T22:40:33.843-05:00  INFO 26104 --- [main] com.zaxxer.hikari.HikariDataSource       : HikariPool-1 - Starting...
2024-10-09T22:40:34.227-05:00  INFO 26104 --- [main] com.zaxxer.hikari.pool.HikariPool        : HikariPool-1 - Added connection org.postgresql.jdbc.PgConnection@376af784
2024-10-09T22:40:34.231-05:00  INFO 26104 --- [main] com.zaxxer.hikari.HikariDataSource       : HikariPool-1 - Start completed.
2024-10-09T22:40:34.269-05:00  WARN 26104 --- [main] org.hibernate.orm.deprecation            : HHH90000025: PostgreSQLDialect does not need to be specified explicitly using 'hibernate.dialect' (remove the property setting and it will be selected by default)
2024-10-09T22:40:35.300-05:00  INFO 26104 --- [main] o.h.e.t.j.p.i.JtaPlatformInitiator       : HHH000489: No JTA platform available (set 'hibernate.transaction.jta.platform' to enable JTA platform integration)
2024-10-09T22:40:35.377-05:00  INFO 26104 --- [main] j.LocalContainerEntityManagerFactoryBean : Initialized JPA EntityManagerFactory for persistence unit 'default'
2024-10-09T22:40:35.723-05:00  WARN 26104 --- [main] JpaBaseConfiguration$JpaWebConfiguration : spring.jpa.open-in-view is enabled by default. Therefore, database queries may be performed during view rendering. Explicitly configure spring.jpa.open-in-view to disable this warning
2024-10-09T22:40:36.192-05:00  INFO 26104 --- [main] o.s.b.w.embedded.tomcat.TomcatWebServer  : Tomcat started on port 8090 (http) with context path '/'
2024-10-09T22:40:36.212-05:00  INFO 26104 --- [main] L.T.P.ProductCatalogServiceApplication   : Started ProductCatalogServiceApplication in 6.061 seconds (process running for 6.669)
2024-10-09T22:40:42.975-05:00  INFO 26104 --- [http-nio-8090-exec-1] o.a.c.c.C.[Tomcat].[localhost].[/]       : Initializing Spring DispatcherServlet 'dispatcherServlet'
2024-10-09T22:40:42.975-05:00  INFO 26104 --- [http-nio-8090-exec-1] o.s.web.servlet.DispatcherServlet        : Initializing Servlet 'dispatcherServlet'
2024-10-09T22:40:42.978-05:00  INFO 26104 --- [http-nio-8090-exec-1] o.s.web.servlet.DispatcherServlet        : Completed initialization in 3 ms
2024-10-09T22:41:42.264-05:00  INFO 26104 --- [SpringApplicationShutdownHook] j.LocalContainerEntityManagerFactoryBean : Closing JPA EntityManagerFactory for persistence unit 'default'
2024-10-09T22:41:42.267-05:00  INFO 26104 --- [SpringApplicationShutdownHook] com.zaxxer.hikari.HikariDataSource       : HikariPool-1 - Shutdown initiated...
2024-10-09T22:41:42.275-05:00  INFO 26104 --- [SpringApplicationShutdownHook] com.zaxxer.hikari.HikariDataSource       : HikariPool-1 - Shutdown completed.
2024-10-09T22:41:52.848-05:00  INFO 27764 --- [main] L.T.P.ProductCatalogServiceApplication   : Starting ProductCatalogServiceApplication using Java 17.0.12 with PID 27764 (C:\Users\USUARIO\source\repos\JohnCubides\linktic\ProductCatalogService\target\classes started by USUARIO in C:\Users\USUARIO\source\repos\JohnCubides\linktic\ProductCatalogService)
2024-10-09T22:41:52.851-05:00  INFO 27764 --- [main] L.T.P.ProductCatalogServiceApplication   : No active profile set, falling back to 1 default profile: "default"
2024-10-09T22:41:53.834-05:00  INFO 27764 --- [main] .s.d.r.c.RepositoryConfigurationDelegate : Bootstrapping Spring Data JPA repositories in DEFAULT mode.
2024-10-09T22:41:53.925-05:00  INFO 27764 --- [main] .s.d.r.c.RepositoryConfigurationDelegate : Finished Spring Data repository scanning in 75 ms. Found 1 JPA repository interface.
2024-10-09T22:41:54.708-05:00  INFO 27764 --- [main] o.s.b.w.embedded.tomcat.TomcatWebServer  : Tomcat initialized with port 8090 (http)
2024-10-09T22:41:54.722-05:00  INFO 27764 --- [main] o.apache.catalina.core.StandardService   : Starting service [Tomcat]
2024-10-09T22:41:54.722-05:00  INFO 27764 --- [main] o.apache.catalina.core.StandardEngine    : Starting Servlet engine: [Apache Tomcat/10.1.30]
2024-10-09T22:41:54.819-05:00  INFO 27764 --- [main] o.a.c.c.C.[Tomcat].[localhost].[/]       : Initializing Spring embedded WebApplicationContext
2024-10-09T22:41:54.821-05:00  INFO 27764 --- [main] w.s.c.ServletWebServerApplicationContext : Root WebApplicationContext: initialization completed in 1884 ms
2024-10-09T22:41:55.053-05:00  INFO 27764 --- [main] o.hibernate.jpa.internal.util.LogHelper  : HHH000204: Processing PersistenceUnitInfo [name: default]
2024-10-09T22:41:55.132-05:00  INFO 27764 --- [main] org.hibernate.Version                    : HHH000412: Hibernate ORM core version 6.5.3.Final
2024-10-09T22:41:55.182-05:00  INFO 27764 --- [main] o.h.c.internal.RegionFactoryInitiator    : HHH000026: Second-level cache disabled
2024-10-09T22:41:55.587-05:00  INFO 27764 --- [main] o.s.o.j.p.SpringPersistenceUnitInfo      : No LoadTimeWeaver setup: ignoring JPA class transformer
2024-10-09T22:41:55.633-05:00  INFO 27764 --- [main] com.zaxxer.hikari.HikariDataSource       : HikariPool-1 - Starting...
2024-10-09T22:41:55.881-05:00  INFO 27764 --- [main] com.zaxxer.hikari.pool.HikariPool        : HikariPool-1 - Added connection org.postgresql.jdbc.PgConnection@5e0f2c82
2024-10-09T22:41:55.883-05:00  INFO 27764 --- [main] com.zaxxer.hikari.HikariDataSource       : HikariPool-1 - Start completed.
2024-10-09T22:41:55.921-05:00  WARN 27764 --- [main] org.hibernate.orm.deprecation            : HHH90000025: PostgreSQLDialect does not need to be specified explicitly using 'hibernate.dialect' (remove the property setting and it will be selected by default)
2024-10-09T22:41:57.051-05:00  INFO 27764 --- [main] o.h.e.t.j.p.i.JtaPlatformInitiator       : HHH000489: No JTA platform available (set 'hibernate.transaction.jta.platform' to enable JTA platform integration)
2024-10-09T22:41:57.122-05:00  INFO 27764 --- [main] j.LocalContainerEntityManagerFactoryBean : Initialized JPA EntityManagerFactory for persistence unit 'default'
2024-10-09T22:41:57.452-05:00  WARN 27764 --- [main] JpaBaseConfiguration$JpaWebConfiguration : spring.jpa.open-in-view is enabled by default. Therefore, database queries may be performed during view rendering. Explicitly configure spring.jpa.open-in-view to disable this warning
2024-10-09T22:41:57.927-05:00  INFO 27764 --- [main] o.s.b.w.embedded.tomcat.TomcatWebServer  : Tomcat started on port 8090 (http) with context path '/'
2024-10-09T22:41:57.941-05:00  INFO 27764 --- [main] L.T.P.ProductCatalogServiceApplication   : Started ProductCatalogServiceApplication in 5.82 seconds (process running for 6.388)
2024-10-09T22:42:03.141-05:00  INFO 27764 --- [http-nio-8090-exec-1] o.a.c.c.C.[Tomcat].[localhost].[/]       : Initializing Spring DispatcherServlet 'dispatcherServlet'
2024-10-09T22:42:03.142-05:00  INFO 27764 --- [http-nio-8090-exec-1] o.s.web.servlet.DispatcherServlet        : Initializing Servlet 'dispatcherServlet'
2024-10-09T22:42:03.143-05:00  INFO 27764 --- [http-nio-8090-exec-1] o.s.web.servlet.DispatcherServlet        : Completed initialization in 1 ms
2024-10-09T22:42:29.873-05:00  INFO 27764 --- [SpringApplicationShutdownHook] j.LocalContainerEntityManagerFactoryBean : Closing JPA EntityManagerFactory for persistence unit 'default'
2024-10-09T22:42:29.877-05:00  INFO 27764 --- [SpringApplicationShutdownHook] com.zaxxer.hikari.HikariDataSource       : HikariPool-1 - Shutdown initiated...
2024-10-09T22:42:29.883-05:00  INFO 27764 --- [SpringApplicationShutdownHook] com.zaxxer.hikari.HikariDataSource       : HikariPool-1 - Shutdown completed.
2024-10-09T22:42:45.830-05:00  INFO 12200 --- [main] L.T.P.ProductCatalogServiceApplication   : Starting ProductCatalogServiceApplication using Java 21.0.4 with PID 12200 (C:\Users\USUARIO\source\repos\JohnCubides\linktic\ProductCatalogService\target\classes started by USUARIO in C:\Users\USUARIO\source\repos\JohnCubides\linktic\ProductCatalogService)
2024-10-09T22:42:45.833-05:00  INFO 12200 --- [main] L.T.P.ProductCatalogServiceApplication   : No active profile set, falling back to 1 default profile: "default"
2024-10-09T22:42:46.772-05:00  INFO 12200 --- [main] .s.d.r.c.RepositoryConfigurationDelegate : Bootstrapping Spring Data JPA repositories in DEFAULT mode.
2024-10-09T22:42:46.846-05:00  INFO 12200 --- [main] .s.d.r.c.RepositoryConfigurationDelegate : Finished Spring Data repository scanning in 64 ms. Found 1 JPA repository interface.
2024-10-09T22:42:47.470-05:00  INFO 12200 --- [main] o.s.b.w.embedded.tomcat.TomcatWebServer  : Tomcat initialized with port 8090 (http)
2024-10-09T22:42:47.489-05:00  INFO 12200 --- [main] o.apache.catalina.core.StandardService   : Starting service [Tomcat]
2024-10-09T22:42:47.490-05:00  INFO 12200 --- [main] o.apache.catalina.core.StandardEngine    : Starting Servlet engine: [Apache Tomcat/10.1.30]
2024-10-09T22:42:47.581-05:00  INFO 12200 --- [main] o.a.c.c.C.[Tomcat].[localhost].[/]       : Initializing Spring embedded WebApplicationContext
2024-10-09T22:42:47.582-05:00  INFO 12200 --- [main] w.s.c.ServletWebServerApplicationContext : Root WebApplicationContext: initialization completed in 1675 ms
2024-10-09T22:42:47.817-05:00  INFO 12200 --- [main] o.hibernate.jpa.internal.util.LogHelper  : HHH000204: Processing PersistenceUnitInfo [name: default]
2024-10-09T22:42:47.892-05:00  INFO 12200 --- [main] org.hibernate.Version                    : HHH000412: Hibernate ORM core version 6.5.3.Final
2024-10-09T22:42:47.960-05:00  INFO 12200 --- [main] o.h.c.internal.RegionFactoryInitiator    : HHH000026: Second-level cache disabled
2024-10-09T22:42:48.647-05:00  INFO 12200 --- [main] o.s.o.j.p.SpringPersistenceUnitInfo      : No LoadTimeWeaver setup: ignoring JPA class transformer
2024-10-09T22:42:48.690-05:00  INFO 12200 --- [main] com.zaxxer.hikari.HikariDataSource       : HikariPool-1 - Starting...
2024-10-09T22:42:48.907-05:00  INFO 12200 --- [main] com.zaxxer.hikari.pool.HikariPool        : HikariPool-1 - Added connection org.postgresql.jdbc.PgConnection@5a13f1f7
2024-10-09T22:42:48.910-05:00  INFO 12200 --- [main] com.zaxxer.hikari.HikariDataSource       : HikariPool-1 - Start completed.
2024-10-09T22:42:48.952-05:00  WARN 12200 --- [main] org.hibernate.orm.deprecation            : HHH90000025: PostgreSQLDialect does not need to be specified explicitly using 'hibernate.dialect' (remove the property setting and it will be selected by default)
2024-10-09T22:42:50.042-05:00  INFO 12200 --- [main] o.h.e.t.j.p.i.JtaPlatformInitiator       : HHH000489: No JTA platform available (set 'hibernate.transaction.jta.platform' to enable JTA platform integration)
2024-10-09T22:42:50.149-05:00  INFO 12200 --- [main] j.LocalContainerEntityManagerFactoryBean : Initialized JPA EntityManagerFactory for persistence unit 'default'
2024-10-09T22:42:50.635-05:00  WARN 12200 --- [main] JpaBaseConfiguration$JpaWebConfiguration : spring.jpa.open-in-view is enabled by default. Therefore, database queries may be performed during view rendering. Explicitly configure spring.jpa.open-in-view to disable this warning
2024-10-09T22:42:51.108-05:00  INFO 12200 --- [main] o.s.b.w.embedded.tomcat.TomcatWebServer  : Tomcat started on port 8090 (http) with context path '/'
2024-10-09T22:42:51.120-05:00  INFO 12200 --- [main] L.T.P.ProductCatalogServiceApplication   : Started ProductCatalogServiceApplication in 6.003 seconds (process running for 6.569)
2024-10-09T22:43:30.414-05:00  INFO 12200 --- [http-nio-8090-exec-1] o.a.c.c.C.[Tomcat].[localhost].[/]       : Initializing Spring DispatcherServlet 'dispatcherServlet'
2024-10-09T22:43:30.414-05:00  INFO 12200 --- [http-nio-8090-exec-1] o.s.web.servlet.DispatcherServlet        : Initializing Servlet 'dispatcherServlet'
2024-10-09T22:43:30.415-05:00  INFO 12200 --- [http-nio-8090-exec-1] o.s.web.servlet.DispatcherServlet        : Completed initialization in 0 ms
2024-10-09T22:43:30.469-05:00  WARN 12200 --- [http-nio-8090-exec-1] o.springdoc.core.service.OpenAPIService  : found more than one OpenAPIDefinition class. springdoc-openapi will be using the first one found.
2024-10-09T22:43:30.713-05:00  INFO 12200 --- [http-nio-8090-exec-1] o.springdoc.api.AbstractOpenApiResource  : Init duration for springdoc-openapi is: 248 ms
2024-10-09T22:45:00.247-05:00  INFO 12200 --- [SpringApplicationShutdownHook] j.LocalContainerEntityManagerFactoryBean : Closing JPA EntityManagerFactory for persistence unit 'default'
2024-10-09T22:45:00.254-05:00  INFO 12200 --- [SpringApplicationShutdownHook] com.zaxxer.hikari.HikariDataSource       : HikariPool-1 - Shutdown initiated...
2024-10-09T22:45:00.267-05:00  INFO 12200 --- [SpringApplicationShutdownHook] com.zaxxer.hikari.HikariDataSource       : HikariPool-1 - Shutdown completed.
